31-Oct-21 18:58:42 INFO <module>(50) ThreeBar.py Started
31-Oct-21 18:58:42 INFO run(65) MinuteBarStream.run()
31-Oct-21 18:58:42 INFO _run_forever(258) started data stream
31-Oct-21 18:58:42 INFO run(122) EVENT_BAR_CANDIDATE_CHECK.StudyThreeBarsCandidates.run
31-Oct-21 18:58:42 INFO run(70) EVENT_BAR_CANDIDATE.EventBarCandidate.run
31-Oct-21 18:58:42 INFO run(71) Starting RedisStack
31-Oct-21 18:58:42 INFO StreamTradeRun(109) StreamTradeRun
31-Oct-21 18:58:42 INFO run(40) EVENT_TRADE_ADD.RedisTradeSubscription.run
31-Oct-21 18:58:42 INFO run(40) Starting EVENT_TRADE_NEW.TradeNewStock: run
31-Oct-21 18:58:42 INFO run(32) Starting EVENT_TRADE_SAVE.run: run
31-Oct-21 18:58:43 INFO run(47) EVENT_TRADE_SCORE.run: run
31-Oct-21 18:58:43 INFO run(70) EVENT_TRADE_PROCESS.run: run
31-Oct-21 18:58:45 INFO addStock(20) EVENT_TRADE_NEW.addStock {'symbol': 'FANG', 'close': 10.45, 'volume': 100}
31-Oct-21 18:58:45 INFO addStock(17) EVENT_TRADE_SAVE.addStock: {'symbol': 'FANG', 'close': 10.45, 'volume': 100}
31-Oct-21 18:58:50 INFO addStock(20) EVENT_TRADE_NEW.addStock {'symbol': 'FANG', 'close': 10.45, 'volume': 100}
31-Oct-21 18:58:50 INFO addStock(17) EVENT_TRADE_SAVE.addStock: {'symbol': 'FANG', 'close': 10.45, 'volume': 100}
31-Oct-21 18:58:55 INFO addStock(20) EVENT_TRADE_NEW.addStock {'symbol': 'FANG', 'close': 10.45, 'volume': 100}
31-Oct-21 18:58:55 INFO addStock(17) EVENT_TRADE_SAVE.addStock: {'symbol': 'FANG', 'close': 10.45, 'volume': 100}
31-Oct-21 18:59:00 INFO addStock(20) EVENT_TRADE_NEW.addStock {'symbol': 'FANG', 'close': 10.45, 'volume': 100}
31-Oct-21 18:59:00 INFO AddBar(46) EVENT_BAR_CANDIDATE.EventBarCandidate.AddBar:{'o': 10.1, 'c': 10.2, 'h': 10.3, 'l': 10.05, 'v': 1000, 'S': 'FANG', 't': 1635731940} 
31-Oct-21 18:59:00 INFO addStock(17) EVENT_TRADE_SAVE.addStock: {'symbol': 'FANG', 'close': 10.45, 'volume': 100}
31-Oct-21 18:59:00 WARNING _bar_realtime(144) _bar_realtime: FANG - TSDB: wrong fromTimestamp
31-Oct-21 18:59:00 WARNING _bar_realtime(144) _bar_realtime: FANG - TSDB: wrong fromTimestamp
31-Oct-21 18:59:00 WARNING _bar_realtime(144) _bar_realtime: FANG - TSDB: wrong fromTimestamp
31-Oct-21 18:59:00 WARNING _bar_realtime(144) _bar_realtime: FANG - TSDB: wrong fromTimestamp
31-Oct-21 18:59:00 WARNING _bar_realtime(144) _bar_realtime: FANG - TSDB: wrong fromTimestamp
31-Oct-21 18:59:00 WARNING realtimeDataMinutes(223) Error realtimeDataMinutes: FANG - object of type 'NoneType' has no len()
31-Oct-21 18:59:00 INFO publish2Min(30) EventBarCandidate.publish2Min []
31-Oct-21 18:59:00 ERROR AddBar(57) Error EVENT_BAR_CANDIDATE.EventBarCandidate.AddBarlist indices must be integers or slices, not str
31-Oct-21 18:59:05 INFO addStock(20) EVENT_TRADE_NEW.addStock {'symbol': 'FANG', 'close': 10.45, 'volume': 100}
31-Oct-21 18:59:05 INFO addStock(17) EVENT_TRADE_SAVE.addStock: {'symbol': 'FANG', 'close': 10.45, 'volume': 100}
31-Oct-21 18:59:10 INFO addStock(20) EVENT_TRADE_NEW.addStock {'symbol': 'FANG', 'close': 10.45, 'volume': 100}
31-Oct-21 18:59:10 INFO addStock(17) EVENT_TRADE_SAVE.addStock: {'symbol': 'FANG', 'close': 10.45, 'volume': 100}
31-Oct-21 18:59:15 INFO addStock(20) EVENT_TRADE_NEW.addStock {'symbol': 'FANG', 'close': 10.45, 'volume': 100}
31-Oct-21 18:59:15 INFO addStock(17) EVENT_TRADE_SAVE.addStock: {'symbol': 'FANG', 'close': 10.45, 'volume': 100}
31-Oct-21 18:59:20 INFO addStock(20) EVENT_TRADE_NEW.addStock {'symbol': 'FANG', 'close': 10.45, 'volume': 100}
31-Oct-21 18:59:20 INFO addStock(17) EVENT_TRADE_SAVE.addStock: {'symbol': 'FANG', 'close': 10.45, 'volume': 100}
31-Oct-21 18:59:25 INFO addStock(20) EVENT_TRADE_NEW.addStock {'symbol': 'FANG', 'close': 10.45, 'volume': 100}
31-Oct-21 18:59:25 INFO addStock(17) EVENT_TRADE_SAVE.addStock: {'symbol': 'FANG', 'close': 10.45, 'volume': 100}
31-Oct-21 18:59:30 INFO addStock(20) EVENT_TRADE_NEW.addStock {'symbol': 'FANG', 'close': 10.45, 'volume': 100}
31-Oct-21 18:59:30 INFO addStock(17) EVENT_TRADE_SAVE.addStock: {'symbol': 'FANG', 'close': 10.45, 'volume': 100}
31-Oct-21 18:59:35 INFO addStock(20) EVENT_TRADE_NEW.addStock {'symbol': 'FANG', 'close': 10.45, 'volume': 100}
31-Oct-21 18:59:35 INFO addStock(17) EVENT_TRADE_SAVE.addStock: {'symbol': 'FANG', 'close': 10.45, 'volume': 100}
31-Oct-21 18:59:40 INFO addStock(20) EVENT_TRADE_NEW.addStock {'symbol': 'FANG', 'close': 10.45, 'volume': 100}
31-Oct-21 18:59:40 INFO addStock(17) EVENT_TRADE_SAVE.addStock: {'symbol': 'FANG', 'close': 10.45, 'volume': 100}
31-Oct-21 18:59:45 INFO addStock(20) EVENT_TRADE_NEW.addStock {'symbol': 'FANG', 'close': 10.45, 'volume': 100}
31-Oct-21 18:59:45 INFO addStock(17) EVENT_TRADE_SAVE.addStock: {'symbol': 'FANG', 'close': 10.45, 'volume': 100}
31-Oct-21 18:59:50 INFO addStock(20) EVENT_TRADE_NEW.addStock {'symbol': 'FANG', 'close': 10.45, 'volume': 100}
31-Oct-21 18:59:50 INFO addStock(17) EVENT_TRADE_SAVE.addStock: {'symbol': 'FANG', 'close': 10.45, 'volume': 100}
31-Oct-21 18:59:55 INFO addStock(20) EVENT_TRADE_NEW.addStock {'symbol': 'FANG', 'close': 10.45, 'volume': 100}
31-Oct-21 18:59:55 INFO addStock(17) EVENT_TRADE_SAVE.addStock: {'symbol': 'FANG', 'close': 10.45, 'volume': 100}
31-Oct-21 19:00:00 INFO addStock(20) EVENT_TRADE_NEW.addStock {'symbol': 'FANG', 'close': 10.45, 'volume': 100}
31-Oct-21 19:00:00 INFO AddBar(46) EVENT_BAR_CANDIDATE.EventBarCandidate.AddBar:{'o': 10.1, 'c': 10.2, 'h': 10.3, 'l': 10.05, 'v': 1000, 'S': 'FANG', 't': 1635732000} 
31-Oct-21 19:00:00 INFO addStock(17) EVENT_TRADE_SAVE.addStock: {'symbol': 'FANG', 'close': 10.45, 'volume': 100}
31-Oct-21 19:00:00 WARNING _bar_realtime(144) _bar_realtime: FANG - TSDB: wrong fromTimestamp
31-Oct-21 19:00:00 WARNING _bar_realtime(144) _bar_realtime: FANG - TSDB: wrong fromTimestamp
31-Oct-21 19:00:00 WARNING _bar_realtime(144) _bar_realtime: FANG - TSDB: wrong fromTimestamp
31-Oct-21 19:00:00 WARNING _bar_realtime(144) _bar_realtime: FANG - TSDB: wrong fromTimestamp
31-Oct-21 19:00:00 WARNING _bar_realtime(144) _bar_realtime: FANG - TSDB: wrong fromTimestamp
31-Oct-21 19:00:00 WARNING realtimeDataMinutes(223) Error realtimeDataMinutes: FANG - object of type 'NoneType' has no len()
31-Oct-21 19:00:00 INFO publish2Min(30) EventBarCandidate.publish2Min []
31-Oct-21 19:00:00 ERROR AddBar(57) Error EVENT_BAR_CANDIDATE.EventBarCandidate.AddBarlist indices must be integers or slices, not str
31-Oct-21 19:00:05 INFO addStock(20) EVENT_TRADE_NEW.addStock {'symbol': 'FANG', 'close': 10.45, 'volume': 100}
31-Oct-21 19:00:05 INFO addStock(17) EVENT_TRADE_SAVE.addStock: {'symbol': 'FANG', 'close': 10.45, 'volume': 100}
31-Oct-21 19:00:10 INFO addStock(20) EVENT_TRADE_NEW.addStock {'symbol': 'FANG', 'close': 10.45, 'volume': 100}
31-Oct-21 19:00:10 INFO addStock(17) EVENT_TRADE_SAVE.addStock: {'symbol': 'FANG', 'close': 10.45, 'volume': 100}
31-Oct-21 19:00:15 INFO addStock(20) EVENT_TRADE_NEW.addStock {'symbol': 'FANG', 'close': 10.45, 'volume': 100}
31-Oct-21 19:00:15 INFO addStock(17) EVENT_TRADE_SAVE.addStock: {'symbol': 'FANG', 'close': 10.45, 'volume': 100}
31-Oct-21 19:00:20 INFO addStock(20) EVENT_TRADE_NEW.addStock {'symbol': 'FANG', 'close': 10.45, 'volume': 100}
31-Oct-21 19:00:20 INFO addStock(17) EVENT_TRADE_SAVE.addStock: {'symbol': 'FANG', 'close': 10.45, 'volume': 100}
31-Oct-21 19:00:25 INFO addStock(20) EVENT_TRADE_NEW.addStock {'symbol': 'FANG', 'close': 10.45, 'volume': 100}
31-Oct-21 19:00:25 INFO addStock(17) EVENT_TRADE_SAVE.addStock: {'symbol': 'FANG', 'close': 10.45, 'volume': 100}
31-Oct-21 19:00:30 INFO addStock(20) EVENT_TRADE_NEW.addStock {'symbol': 'FANG', 'close': 10.45, 'volume': 100}
31-Oct-21 19:00:30 INFO addStock(17) EVENT_TRADE_SAVE.addStock: {'symbol': 'FANG', 'close': 10.45, 'volume': 100}
31-Oct-21 19:00:35 INFO addStock(20) EVENT_TRADE_NEW.addStock {'symbol': 'FANG', 'close': 10.45, 'volume': 100}
31-Oct-21 19:00:35 INFO addStock(17) EVENT_TRADE_SAVE.addStock: {'symbol': 'FANG', 'close': 10.45, 'volume': 100}
31-Oct-21 19:00:40 INFO addStock(20) EVENT_TRADE_NEW.addStock {'symbol': 'FANG', 'close': 10.45, 'volume': 100}
31-Oct-21 19:00:40 INFO addStock(17) EVENT_TRADE_SAVE.addStock: {'symbol': 'FANG', 'close': 10.45, 'volume': 100}
31-Oct-21 19:00:45 INFO addStock(20) EVENT_TRADE_NEW.addStock {'symbol': 'FANG', 'close': 10.45, 'volume': 100}
31-Oct-21 19:00:45 INFO addStock(17) EVENT_TRADE_SAVE.addStock: {'symbol': 'FANG', 'close': 10.45, 'volume': 100}
31-Oct-21 19:00:50 INFO addStock(20) EVENT_TRADE_NEW.addStock {'symbol': 'FANG', 'close': 10.45, 'volume': 100}
31-Oct-21 19:00:50 INFO addStock(17) EVENT_TRADE_SAVE.addStock: {'symbol': 'FANG', 'close': 10.45, 'volume': 100}
31-Oct-21 19:00:55 INFO addStock(20) EVENT_TRADE_NEW.addStock {'symbol': 'FANG', 'close': 10.45, 'volume': 100}
31-Oct-21 19:00:55 INFO addStock(17) EVENT_TRADE_SAVE.addStock: {'symbol': 'FANG', 'close': 10.45, 'volume': 100}
31-Oct-21 19:01:00 INFO AddBar(46) EVENT_BAR_CANDIDATE.EventBarCandidate.AddBar:{'o': 10.6, 'c': 10.7, 'h': 10.8, 'l': 10.55, 'v': 1000, 'S': 'FANG', 't': 1635732060} 
31-Oct-21 19:01:00 INFO addStock(20) EVENT_TRADE_NEW.addStock {'symbol': 'FANG', 'close': 10.45, 'volume': 100}
31-Oct-21 19:01:00 INFO addStock(17) EVENT_TRADE_SAVE.addStock: {'symbol': 'FANG', 'close': 10.45, 'volume': 100}
31-Oct-21 19:01:00 WARNING _bar_realtime(144) _bar_realtime: FANG - TSDB: wrong fromTimestamp
31-Oct-21 19:01:00 WARNING _bar_realtime(144) _bar_realtime: FANG - TSDB: wrong fromTimestamp
31-Oct-21 19:01:00 WARNING _bar_realtime(144) _bar_realtime: FANG - TSDB: wrong fromTimestamp
31-Oct-21 19:01:00 WARNING _bar_realtime(144) _bar_realtime: FANG - TSDB: wrong fromTimestamp
31-Oct-21 19:01:00 WARNING _bar_realtime(144) _bar_realtime: FANG - TSDB: wrong fromTimestamp
31-Oct-21 19:01:00 WARNING realtimeDataMinutes(223) Error realtimeDataMinutes: FANG - object of type 'NoneType' has no len()
31-Oct-21 19:01:00 INFO publish2Min(30) EventBarCandidate.publish2Min []
31-Oct-21 19:01:00 ERROR AddBar(57) Error EVENT_BAR_CANDIDATE.EventBarCandidate.AddBarlist indices must be integers or slices, not str
31-Oct-21 19:01:05 INFO addStock(20) EVENT_TRADE_NEW.addStock {'symbol': 'FANG', 'close': 10.45, 'volume': 100}
31-Oct-21 19:01:05 INFO addStock(17) EVENT_TRADE_SAVE.addStock: {'symbol': 'FANG', 'close': 10.45, 'volume': 100}
31-Oct-21 19:01:10 INFO addStock(20) EVENT_TRADE_NEW.addStock {'symbol': 'FANG', 'close': 10.45, 'volume': 100}
31-Oct-21 19:01:10 INFO addStock(17) EVENT_TRADE_SAVE.addStock: {'symbol': 'FANG', 'close': 10.45, 'volume': 100}
31-Oct-21 19:01:15 INFO addStock(20) EVENT_TRADE_NEW.addStock {'symbol': 'FANG', 'close': 10.45, 'volume': 100}
31-Oct-21 19:01:15 INFO addStock(17) EVENT_TRADE_SAVE.addStock: {'symbol': 'FANG', 'close': 10.45, 'volume': 100}
31-Oct-21 19:01:20 INFO addStock(20) EVENT_TRADE_NEW.addStock {'symbol': 'FANG', 'close': 10.45, 'volume': 100}
31-Oct-21 19:01:20 INFO addStock(17) EVENT_TRADE_SAVE.addStock: {'symbol': 'FANG', 'close': 10.45, 'volume': 100}
31-Oct-21 19:01:25 INFO addStock(20) EVENT_TRADE_NEW.addStock {'symbol': 'FANG', 'close': 10.45, 'volume': 100}
31-Oct-21 19:01:25 INFO addStock(17) EVENT_TRADE_SAVE.addStock: {'symbol': 'FANG', 'close': 10.45, 'volume': 100}
31-Oct-21 19:01:30 INFO addStock(20) EVENT_TRADE_NEW.addStock {'symbol': 'FANG', 'close': 10.45, 'volume': 100}
31-Oct-21 19:01:30 INFO addStock(17) EVENT_TRADE_SAVE.addStock: {'symbol': 'FANG', 'close': 10.45, 'volume': 100}
31-Oct-21 19:01:35 INFO addStock(20) EVENT_TRADE_NEW.addStock {'symbol': 'FANG', 'close': 10.45, 'volume': 100}
31-Oct-21 19:01:35 INFO addStock(17) EVENT_TRADE_SAVE.addStock: {'symbol': 'FANG', 'close': 10.45, 'volume': 100}
31-Oct-21 19:01:40 INFO addStock(20) EVENT_TRADE_NEW.addStock {'symbol': 'FANG', 'close': 10.45, 'volume': 100}
31-Oct-21 19:01:40 INFO addStock(17) EVENT_TRADE_SAVE.addStock: {'symbol': 'FANG', 'close': 10.45, 'volume': 100}
31-Oct-21 19:01:45 INFO addStock(20) EVENT_TRADE_NEW.addStock {'symbol': 'FANG', 'close': 10.45, 'volume': 100}
31-Oct-21 19:01:45 INFO addStock(17) EVENT_TRADE_SAVE.addStock: {'symbol': 'FANG', 'close': 10.45, 'volume': 100}
31-Oct-21 19:01:50 INFO addStock(20) EVENT_TRADE_NEW.addStock {'symbol': 'FANG', 'close': 10.45, 'volume': 100}
31-Oct-21 19:01:50 INFO addStock(17) EVENT_TRADE_SAVE.addStock: {'symbol': 'FANG', 'close': 10.45, 'volume': 100}
31-Oct-21 19:01:55 INFO addStock(20) EVENT_TRADE_NEW.addStock {'symbol': 'FANG', 'close': 10.45, 'volume': 100}
31-Oct-21 19:01:55 INFO addStock(17) EVENT_TRADE_SAVE.addStock: {'symbol': 'FANG', 'close': 10.45, 'volume': 100}
31-Oct-21 19:02:00 INFO addStock(20) EVENT_TRADE_NEW.addStock {'symbol': 'FANG', 'close': 10.45, 'volume': 100}
31-Oct-21 19:02:00 INFO AddBar(46) EVENT_BAR_CANDIDATE.EventBarCandidate.AddBar:{'o': 10.6, 'c': 10.7, 'h': 10.8, 'l': 10.55, 'v': 1000, 'S': 'FANG', 't': 1635732120} 
31-Oct-21 19:02:00 INFO addStock(17) EVENT_TRADE_SAVE.addStock: {'symbol': 'FANG', 'close': 10.45, 'volume': 100}
31-Oct-21 19:02:00 WARNING _bar_realtime(144) _bar_realtime: FANG - TSDB: wrong fromTimestamp
31-Oct-21 19:02:00 WARNING _bar_realtime(144) _bar_realtime: FANG - TSDB: wrong fromTimestamp
31-Oct-21 19:02:00 WARNING _bar_realtime(144) _bar_realtime: FANG - TSDB: wrong fromTimestamp
31-Oct-21 19:02:00 WARNING _bar_realtime(144) _bar_realtime: FANG - TSDB: wrong fromTimestamp
31-Oct-21 19:02:00 WARNING _bar_realtime(144) _bar_realtime: FANG - TSDB: wrong fromTimestamp
31-Oct-21 19:02:00 WARNING realtimeDataMinutes(223) Error realtimeDataMinutes: FANG - object of type 'NoneType' has no len()
31-Oct-21 19:02:00 INFO publish2Min(30) EventBarCandidate.publish2Min []
31-Oct-21 19:02:00 ERROR AddBar(57) Error EVENT_BAR_CANDIDATE.EventBarCandidate.AddBarlist indices must be integers or slices, not str
31-Oct-21 19:02:05 INFO addStock(20) EVENT_TRADE_NEW.addStock {'symbol': 'FANG', 'close': 10.45, 'volume': 100}
31-Oct-21 19:02:05 INFO addStock(17) EVENT_TRADE_SAVE.addStock: {'symbol': 'FANG', 'close': 10.45, 'volume': 100}
31-Oct-21 19:02:10 INFO addStock(20) EVENT_TRADE_NEW.addStock {'symbol': 'FANG', 'close': 10.45, 'volume': 100}
31-Oct-21 19:02:10 INFO addStock(17) EVENT_TRADE_SAVE.addStock: {'symbol': 'FANG', 'close': 10.45, 'volume': 100}
31-Oct-21 19:02:15 INFO addStock(20) EVENT_TRADE_NEW.addStock {'symbol': 'FANG', 'close': 10.45, 'volume': 100}
31-Oct-21 19:02:15 INFO addStock(17) EVENT_TRADE_SAVE.addStock: {'symbol': 'FANG', 'close': 10.45, 'volume': 100}
31-Oct-21 19:02:20 INFO addStock(20) EVENT_TRADE_NEW.addStock {'symbol': 'FANG', 'close': 10.45, 'volume': 100}
31-Oct-21 19:02:20 INFO addStock(17) EVENT_TRADE_SAVE.addStock: {'symbol': 'FANG', 'close': 10.45, 'volume': 100}
31-Oct-21 19:02:25 INFO addStock(20) EVENT_TRADE_NEW.addStock {'symbol': 'FANG', 'close': 10.45, 'volume': 100}
31-Oct-21 19:02:25 INFO addStock(17) EVENT_TRADE_SAVE.addStock: {'symbol': 'FANG', 'close': 10.45, 'volume': 100}
31-Oct-21 19:02:30 INFO addStock(20) EVENT_TRADE_NEW.addStock {'symbol': 'FANG', 'close': 10.45, 'volume': 100}
31-Oct-21 19:02:30 INFO addStock(17) EVENT_TRADE_SAVE.addStock: {'symbol': 'FANG', 'close': 10.45, 'volume': 100}
31-Oct-21 19:02:35 INFO addStock(20) EVENT_TRADE_NEW.addStock {'symbol': 'FANG', 'close': 10.45, 'volume': 100}
31-Oct-21 19:02:35 INFO addStock(17) EVENT_TRADE_SAVE.addStock: {'symbol': 'FANG', 'close': 10.45, 'volume': 100}
31-Oct-21 19:02:40 INFO addStock(20) EVENT_TRADE_NEW.addStock {'symbol': 'FANG', 'close': 10.45, 'volume': 100}
31-Oct-21 19:02:40 INFO addStock(17) EVENT_TRADE_SAVE.addStock: {'symbol': 'FANG', 'close': 10.45, 'volume': 100}
31-Oct-21 19:02:45 INFO addStock(20) EVENT_TRADE_NEW.addStock {'symbol': 'FANG', 'close': 10.45, 'volume': 100}
31-Oct-21 19:02:45 INFO addStock(17) EVENT_TRADE_SAVE.addStock: {'symbol': 'FANG', 'close': 10.45, 'volume': 100}
31-Oct-21 19:02:50 INFO addStock(20) EVENT_TRADE_NEW.addStock {'symbol': 'FANG', 'close': 10.45, 'volume': 100}
31-Oct-21 19:02:50 INFO addStock(17) EVENT_TRADE_SAVE.addStock: {'symbol': 'FANG', 'close': 10.45, 'volume': 100}
31-Oct-21 19:02:55 INFO addStock(20) EVENT_TRADE_NEW.addStock {'symbol': 'FANG', 'close': 10.45, 'volume': 100}
31-Oct-21 19:02:55 INFO addStock(17) EVENT_TRADE_SAVE.addStock: {'symbol': 'FANG', 'close': 10.45, 'volume': 100}
31-Oct-21 19:03:00 INFO AddBar(46) EVENT_BAR_CANDIDATE.EventBarCandidate.AddBar:{'o': 10.6, 'c': 10.7, 'h': 10.8, 'l': 10.55, 'v': 1000, 'S': 'FANG', 't': 1635732180} 
31-Oct-21 19:03:00 INFO addStock(20) EVENT_TRADE_NEW.addStock {'symbol': 'FANG', 'close': 10.45, 'volume': 100}
31-Oct-21 19:03:00 INFO addStock(17) EVENT_TRADE_SAVE.addStock: {'symbol': 'FANG', 'close': 10.45, 'volume': 100}
31-Oct-21 19:03:00 WARNING _bar_realtime(144) _bar_realtime: FANG - TSDB: wrong fromTimestamp
31-Oct-21 19:03:00 WARNING _bar_realtime(144) _bar_realtime: FANG - TSDB: wrong fromTimestamp
31-Oct-21 19:03:00 WARNING _bar_realtime(144) _bar_realtime: FANG - TSDB: wrong fromTimestamp
31-Oct-21 19:03:00 WARNING _bar_realtime(144) _bar_realtime: FANG - TSDB: wrong fromTimestamp
31-Oct-21 19:03:00 WARNING _bar_realtime(144) _bar_realtime: FANG - TSDB: wrong fromTimestamp
31-Oct-21 19:03:00 WARNING realtimeDataMinutes(223) Error realtimeDataMinutes: FANG - object of type 'NoneType' has no len()
31-Oct-21 19:03:00 INFO publish2Min(30) EventBarCandidate.publish2Min []
31-Oct-21 19:03:00 ERROR AddBar(57) Error EVENT_BAR_CANDIDATE.EventBarCandidate.AddBarlist indices must be integers or slices, not str
31-Oct-21 19:03:05 INFO addStock(20) EVENT_TRADE_NEW.addStock {'symbol': 'FANG', 'close': 10.45, 'volume': 100}
31-Oct-21 19:03:05 INFO addStock(17) EVENT_TRADE_SAVE.addStock: {'symbol': 'FANG', 'close': 10.45, 'volume': 100}
31-Oct-21 19:03:10 INFO addStock(20) EVENT_TRADE_NEW.addStock {'symbol': 'FANG', 'close': 10.45, 'volume': 100}
31-Oct-21 19:03:10 INFO addStock(17) EVENT_TRADE_SAVE.addStock: {'symbol': 'FANG', 'close': 10.45, 'volume': 100}
31-Oct-21 19:03:15 INFO addStock(20) EVENT_TRADE_NEW.addStock {'symbol': 'FANG', 'close': 10.45, 'volume': 100}
31-Oct-21 19:03:15 INFO addStock(17) EVENT_TRADE_SAVE.addStock: {'symbol': 'FANG', 'close': 10.45, 'volume': 100}
31-Oct-21 19:03:20 INFO addStock(20) EVENT_TRADE_NEW.addStock {'symbol': 'FANG', 'close': 10.45, 'volume': 100}
31-Oct-21 19:03:20 INFO addStock(17) EVENT_TRADE_SAVE.addStock: {'symbol': 'FANG', 'close': 10.45, 'volume': 100}
31-Oct-21 19:03:25 INFO addStock(20) EVENT_TRADE_NEW.addStock {'symbol': 'FANG', 'close': 10.45, 'volume': 100}
31-Oct-21 19:03:25 INFO addStock(17) EVENT_TRADE_SAVE.addStock: {'symbol': 'FANG', 'close': 10.45, 'volume': 100}
31-Oct-21 19:03:30 INFO addStock(20) EVENT_TRADE_NEW.addStock {'symbol': 'FANG', 'close': 10.45, 'volume': 100}
31-Oct-21 19:03:30 INFO addStock(17) EVENT_TRADE_SAVE.addStock: {'symbol': 'FANG', 'close': 10.45, 'volume': 100}
31-Oct-21 19:03:35 INFO addStock(20) EVENT_TRADE_NEW.addStock {'symbol': 'FANG', 'close': 10.45, 'volume': 100}
31-Oct-21 19:03:35 INFO addStock(17) EVENT_TRADE_SAVE.addStock: {'symbol': 'FANG', 'close': 10.45, 'volume': 100}
31-Oct-21 19:03:40 INFO addStock(20) EVENT_TRADE_NEW.addStock {'symbol': 'FANG', 'close': 10.45, 'volume': 100}
31-Oct-21 19:03:40 INFO addStock(17) EVENT_TRADE_SAVE.addStock: {'symbol': 'FANG', 'close': 10.45, 'volume': 100}
31-Oct-21 19:03:45 INFO addStock(20) EVENT_TRADE_NEW.addStock {'symbol': 'FANG', 'close': 10.45, 'volume': 100}
31-Oct-21 19:03:45 INFO addStock(17) EVENT_TRADE_SAVE.addStock: {'symbol': 'FANG', 'close': 10.45, 'volume': 100}
31-Oct-21 19:03:50 INFO addStock(20) EVENT_TRADE_NEW.addStock {'symbol': 'FANG', 'close': 10.45, 'volume': 100}
31-Oct-21 19:03:50 INFO addStock(17) EVENT_TRADE_SAVE.addStock: {'symbol': 'FANG', 'close': 10.45, 'volume': 100}
31-Oct-21 19:03:55 INFO addStock(20) EVENT_TRADE_NEW.addStock {'symbol': 'FANG', 'close': 10.45, 'volume': 100}
31-Oct-21 19:03:55 INFO addStock(17) EVENT_TRADE_SAVE.addStock: {'symbol': 'FANG', 'close': 10.45, 'volume': 100}
31-Oct-21 19:04:00 INFO AddBar(46) EVENT_BAR_CANDIDATE.EventBarCandidate.AddBar:{'o': 10.6, 'c': 10.7, 'h': 10.8, 'l': 10.55, 'v': 1000, 'S': 'FANG', 't': 1635732240} 
31-Oct-21 19:04:00 INFO addStock(20) EVENT_TRADE_NEW.addStock {'symbol': 'FANG', 'close': 10.45, 'volume': 100}
31-Oct-21 19:04:00 INFO addStock(17) EVENT_TRADE_SAVE.addStock: {'symbol': 'FANG', 'close': 10.45, 'volume': 100}
31-Oct-21 19:04:00 WARNING _bar_realtime(144) _bar_realtime: FANG - TSDB: wrong fromTimestamp
31-Oct-21 19:04:00 WARNING _bar_realtime(144) _bar_realtime: FANG - TSDB: wrong fromTimestamp
31-Oct-21 19:04:00 WARNING _bar_realtime(144) _bar_realtime: FANG - TSDB: wrong fromTimestamp
31-Oct-21 19:04:00 WARNING _bar_realtime(144) _bar_realtime: FANG - TSDB: wrong fromTimestamp
31-Oct-21 19:04:00 WARNING _bar_realtime(144) _bar_realtime: FANG - TSDB: wrong fromTimestamp
31-Oct-21 19:04:00 WARNING realtimeDataMinutes(223) Error realtimeDataMinutes: FANG - object of type 'NoneType' has no len()
31-Oct-21 19:04:00 INFO publish2Min(30) EventBarCandidate.publish2Min []
31-Oct-21 19:04:00 ERROR AddBar(57) Error EVENT_BAR_CANDIDATE.EventBarCandidate.AddBarlist indices must be integers or slices, not str
31-Oct-21 19:04:05 INFO addStock(20) EVENT_TRADE_NEW.addStock {'symbol': 'FANG', 'close': 10.45, 'volume': 100}
31-Oct-21 19:04:05 INFO addStock(17) EVENT_TRADE_SAVE.addStock: {'symbol': 'FANG', 'close': 10.45, 'volume': 100}
31-Oct-21 19:04:10 INFO addStock(20) EVENT_TRADE_NEW.addStock {'symbol': 'FANG', 'close': 10.45, 'volume': 100}
31-Oct-21 19:04:10 INFO addStock(17) EVENT_TRADE_SAVE.addStock: {'symbol': 'FANG', 'close': 10.45, 'volume': 100}
31-Oct-21 19:04:15 INFO addStock(20) EVENT_TRADE_NEW.addStock {'symbol': 'FANG', 'close': 10.45, 'volume': 100}
31-Oct-21 19:04:15 INFO addStock(17) EVENT_TRADE_SAVE.addStock: {'symbol': 'FANG', 'close': 10.45, 'volume': 100}
31-Oct-21 19:04:20 INFO addStock(20) EVENT_TRADE_NEW.addStock {'symbol': 'FANG', 'close': 10.45, 'volume': 100}
31-Oct-21 19:04:20 INFO addStock(17) EVENT_TRADE_SAVE.addStock: {'symbol': 'FANG', 'close': 10.45, 'volume': 100}
31-Oct-21 19:04:25 INFO addStock(20) EVENT_TRADE_NEW.addStock {'symbol': 'FANG', 'close': 10.45, 'volume': 100}
31-Oct-21 19:04:25 INFO addStock(17) EVENT_TRADE_SAVE.addStock: {'symbol': 'FANG', 'close': 10.45, 'volume': 100}
31-Oct-21 19:04:30 INFO addStock(20) EVENT_TRADE_NEW.addStock {'symbol': 'FANG', 'close': 10.45, 'volume': 100}
31-Oct-21 19:04:30 INFO addStock(17) EVENT_TRADE_SAVE.addStock: {'symbol': 'FANG', 'close': 10.45, 'volume': 100}
31-Oct-21 19:04:35 INFO addStock(20) EVENT_TRADE_NEW.addStock {'symbol': 'FANG', 'close': 10.45, 'volume': 100}
31-Oct-21 19:04:35 INFO addStock(17) EVENT_TRADE_SAVE.addStock: {'symbol': 'FANG', 'close': 10.45, 'volume': 100}
31-Oct-21 19:04:40 INFO addStock(20) EVENT_TRADE_NEW.addStock {'symbol': 'FANG', 'close': 10.45, 'volume': 100}
31-Oct-21 19:04:40 INFO addStock(17) EVENT_TRADE_SAVE.addStock: {'symbol': 'FANG', 'close': 10.45, 'volume': 100}
31-Oct-21 19:04:45 INFO addStock(20) EVENT_TRADE_NEW.addStock {'symbol': 'FANG', 'close': 10.45, 'volume': 100}
31-Oct-21 19:04:45 INFO addStock(17) EVENT_TRADE_SAVE.addStock: {'symbol': 'FANG', 'close': 10.45, 'volume': 100}
31-Oct-21 19:04:50 INFO addStock(20) EVENT_TRADE_NEW.addStock {'symbol': 'FANG', 'close': 10.45, 'volume': 100}
31-Oct-21 19:04:50 INFO addStock(17) EVENT_TRADE_SAVE.addStock: {'symbol': 'FANG', 'close': 10.45, 'volume': 100}
31-Oct-21 19:04:55 INFO addStock(20) EVENT_TRADE_NEW.addStock {'symbol': 'FANG', 'close': 10.45, 'volume': 100}
31-Oct-21 19:04:55 INFO addStock(17) EVENT_TRADE_SAVE.addStock: {'symbol': 'FANG', 'close': 10.45, 'volume': 100}
31-Oct-21 19:05:00 INFO addStock(20) EVENT_TRADE_NEW.addStock {'symbol': 'FANG', 'close': 10.45, 'volume': 100}
31-Oct-21 19:05:00 INFO AddBar(46) EVENT_BAR_CANDIDATE.EventBarCandidate.AddBar:{'o': 10.299999999999999, 'c': 10.399999999999999, 'h': 10.5, 'l': 10.25, 'v': 1000, 'S': 'FANG', 't': 1635732300} 
31-Oct-21 19:05:00 INFO addStock(17) EVENT_TRADE_SAVE.addStock: {'symbol': 'FANG', 'close': 10.45, 'volume': 100}
31-Oct-21 19:05:00 WARNING _bar_realtime(144) _bar_realtime: FANG - TSDB: wrong fromTimestamp
31-Oct-21 19:05:00 WARNING _bar_realtime(144) _bar_realtime: FANG - TSDB: wrong fromTimestamp
31-Oct-21 19:05:00 WARNING _bar_realtime(144) _bar_realtime: FANG - TSDB: wrong fromTimestamp
31-Oct-21 19:05:00 WARNING _bar_realtime(144) _bar_realtime: FANG - TSDB: wrong fromTimestamp
31-Oct-21 19:05:00 WARNING _bar_realtime(144) _bar_realtime: FANG - TSDB: wrong fromTimestamp
31-Oct-21 19:05:00 WARNING realtimeDataMinutes(223) Error realtimeDataMinutes: FANG - object of type 'NoneType' has no len()
31-Oct-21 19:05:00 INFO publish2Min(30) EventBarCandidate.publish2Min []
31-Oct-21 19:05:00 ERROR AddBar(57) Error EVENT_BAR_CANDIDATE.EventBarCandidate.AddBarlist indices must be integers or slices, not str
31-Oct-21 19:05:05 INFO addStock(20) EVENT_TRADE_NEW.addStock {'symbol': 'FANG', 'close': 10.45, 'volume': 100}
31-Oct-21 19:05:05 INFO addStock(17) EVENT_TRADE_SAVE.addStock: {'symbol': 'FANG', 'close': 10.45, 'volume': 100}
31-Oct-21 19:05:10 INFO addStock(20) EVENT_TRADE_NEW.addStock {'symbol': 'FANG', 'close': 10.45, 'volume': 100}
31-Oct-21 19:05:10 INFO addStock(17) EVENT_TRADE_SAVE.addStock: {'symbol': 'FANG', 'close': 10.45, 'volume': 100}
31-Oct-21 19:05:15 INFO addStock(20) EVENT_TRADE_NEW.addStock {'symbol': 'FANG', 'close': 10.45, 'volume': 100}
31-Oct-21 19:05:15 INFO addStock(17) EVENT_TRADE_SAVE.addStock: {'symbol': 'FANG', 'close': 10.45, 'volume': 100}
31-Oct-21 19:05:20 INFO addStock(20) EVENT_TRADE_NEW.addStock {'symbol': 'FANG', 'close': 10.45, 'volume': 100}
31-Oct-21 19:05:20 INFO addStock(17) EVENT_TRADE_SAVE.addStock: {'symbol': 'FANG', 'close': 10.45, 'volume': 100}
31-Oct-21 19:05:25 INFO addStock(20) EVENT_TRADE_NEW.addStock {'symbol': 'FANG', 'close': 10.45, 'volume': 100}
31-Oct-21 19:05:25 INFO addStock(17) EVENT_TRADE_SAVE.addStock: {'symbol': 'FANG', 'close': 10.45, 'volume': 100}
31-Oct-21 19:05:30 INFO addStock(20) EVENT_TRADE_NEW.addStock {'symbol': 'FANG', 'close': 10.45, 'volume': 100}
31-Oct-21 19:05:30 INFO addStock(17) EVENT_TRADE_SAVE.addStock: {'symbol': 'FANG', 'close': 10.45, 'volume': 100}
31-Oct-21 19:05:35 INFO addStock(20) EVENT_TRADE_NEW.addStock {'symbol': 'FANG', 'close': 10.45, 'volume': 100}
31-Oct-21 19:05:35 INFO addStock(17) EVENT_TRADE_SAVE.addStock: {'symbol': 'FANG', 'close': 10.45, 'volume': 100}
31-Oct-21 19:05:40 INFO addStock(20) EVENT_TRADE_NEW.addStock {'symbol': 'FANG', 'close': 10.45, 'volume': 100}
31-Oct-21 19:05:40 INFO addStock(17) EVENT_TRADE_SAVE.addStock: {'symbol': 'FANG', 'close': 10.45, 'volume': 100}
31-Oct-21 19:05:45 INFO addStock(20) EVENT_TRADE_NEW.addStock {'symbol': 'FANG', 'close': 10.45, 'volume': 100}
31-Oct-21 19:05:45 INFO addStock(17) EVENT_TRADE_SAVE.addStock: {'symbol': 'FANG', 'close': 10.45, 'volume': 100}
31-Oct-21 19:05:50 INFO addStock(20) EVENT_TRADE_NEW.addStock {'symbol': 'FANG', 'close': 10.45, 'volume': 100}
31-Oct-21 19:05:50 INFO addStock(17) EVENT_TRADE_SAVE.addStock: {'symbol': 'FANG', 'close': 10.45, 'volume': 100}
31-Oct-21 19:05:55 INFO addStock(20) EVENT_TRADE_NEW.addStock {'symbol': 'FANG', 'close': 10.45, 'volume': 100}
31-Oct-21 19:05:55 INFO addStock(17) EVENT_TRADE_SAVE.addStock: {'symbol': 'FANG', 'close': 10.45, 'volume': 100}
31-Oct-21 19:06:00 INFO AddBar(46) EVENT_BAR_CANDIDATE.EventBarCandidate.AddBar:{'o': 10.299999999999999, 'c': 10.399999999999999, 'h': 10.5, 'l': 10.25, 'v': 1000, 'S': 'FANG', 't': 1635732360} 
31-Oct-21 19:06:00 INFO addStock(20) EVENT_TRADE_NEW.addStock {'symbol': 'FANG', 'close': 10.45, 'volume': 100}
31-Oct-21 19:06:00 INFO addStock(17) EVENT_TRADE_SAVE.addStock: {'symbol': 'FANG', 'close': 10.45, 'volume': 100}
31-Oct-21 19:06:00 WARNING _bar_realtime(144) _bar_realtime: FANG - TSDB: wrong fromTimestamp
31-Oct-21 19:06:00 WARNING _bar_realtime(144) _bar_realtime: FANG - TSDB: wrong fromTimestamp
31-Oct-21 19:06:00 WARNING _bar_realtime(144) _bar_realtime: FANG - TSDB: wrong fromTimestamp
31-Oct-21 19:06:00 WARNING _bar_realtime(144) _bar_realtime: FANG - TSDB: wrong fromTimestamp
31-Oct-21 19:06:00 WARNING _bar_realtime(144) _bar_realtime: FANG - TSDB: wrong fromTimestamp
31-Oct-21 19:06:00 WARNING realtimeDataMinutes(223) Error realtimeDataMinutes: FANG - object of type 'NoneType' has no len()
31-Oct-21 19:06:00 INFO publish2Min(30) EventBarCandidate.publish2Min []
31-Oct-21 19:06:00 ERROR AddBar(57) Error EVENT_BAR_CANDIDATE.EventBarCandidate.AddBarlist indices must be integers or slices, not str
31-Oct-21 19:06:05 INFO addStock(20) EVENT_TRADE_NEW.addStock {'symbol': 'FANG', 'close': 10.45, 'volume': 100}
31-Oct-21 19:06:05 INFO addStock(17) EVENT_TRADE_SAVE.addStock: {'symbol': 'FANG', 'close': 10.45, 'volume': 100}
31-Oct-21 19:06:10 INFO addStock(20) EVENT_TRADE_NEW.addStock {'symbol': 'FANG', 'close': 10.45, 'volume': 100}
31-Oct-21 19:06:10 INFO addStock(17) EVENT_TRADE_SAVE.addStock: {'symbol': 'FANG', 'close': 10.45, 'volume': 100}
31-Oct-21 19:06:15 INFO addStock(20) EVENT_TRADE_NEW.addStock {'symbol': 'FANG', 'close': 10.45, 'volume': 100}
31-Oct-21 19:06:15 INFO addStock(17) EVENT_TRADE_SAVE.addStock: {'symbol': 'FANG', 'close': 10.45, 'volume': 100}
31-Oct-21 19:06:20 INFO addStock(20) EVENT_TRADE_NEW.addStock {'symbol': 'FANG', 'close': 10.45, 'volume': 100}
31-Oct-21 19:06:20 INFO addStock(17) EVENT_TRADE_SAVE.addStock: {'symbol': 'FANG', 'close': 10.45, 'volume': 100}
31-Oct-21 19:06:25 INFO addStock(20) EVENT_TRADE_NEW.addStock {'symbol': 'FANG', 'close': 10.45, 'volume': 100}
31-Oct-21 19:06:25 INFO addStock(17) EVENT_TRADE_SAVE.addStock: {'symbol': 'FANG', 'close': 10.45, 'volume': 100}
31-Oct-21 19:06:30 INFO addStock(20) EVENT_TRADE_NEW.addStock {'symbol': 'FANG', 'close': 10.45, 'volume': 100}
31-Oct-21 19:06:30 INFO addStock(17) EVENT_TRADE_SAVE.addStock: {'symbol': 'FANG', 'close': 10.45, 'volume': 100}
31-Oct-21 19:06:35 INFO addStock(20) EVENT_TRADE_NEW.addStock {'symbol': 'FANG', 'close': 10.45, 'volume': 100}
31-Oct-21 19:06:35 INFO addStock(17) EVENT_TRADE_SAVE.addStock: {'symbol': 'FANG', 'close': 10.45, 'volume': 100}
31-Oct-21 19:06:40 INFO addStock(20) EVENT_TRADE_NEW.addStock {'symbol': 'FANG', 'close': 10.45, 'volume': 100}
31-Oct-21 19:06:40 INFO addStock(17) EVENT_TRADE_SAVE.addStock: {'symbol': 'FANG', 'close': 10.45, 'volume': 100}
31-Oct-21 19:06:45 INFO addStock(20) EVENT_TRADE_NEW.addStock {'symbol': 'FANG', 'close': 10.45, 'volume': 100}
31-Oct-21 19:06:45 INFO addStock(17) EVENT_TRADE_SAVE.addStock: {'symbol': 'FANG', 'close': 10.45, 'volume': 100}
31-Oct-21 19:06:50 INFO addStock(20) EVENT_TRADE_NEW.addStock {'symbol': 'FANG', 'close': 10.45, 'volume': 100}
31-Oct-21 19:06:50 INFO addStock(17) EVENT_TRADE_SAVE.addStock: {'symbol': 'FANG', 'close': 10.45, 'volume': 100}
31-Oct-21 19:06:55 INFO addStock(20) EVENT_TRADE_NEW.addStock {'symbol': 'FANG', 'close': 10.45, 'volume': 100}
31-Oct-21 19:06:55 INFO addStock(17) EVENT_TRADE_SAVE.addStock: {'symbol': 'FANG', 'close': 10.45, 'volume': 100}
31-Oct-21 19:07:00 INFO addStock(20) EVENT_TRADE_NEW.addStock {'symbol': 'FANG', 'close': 10.45, 'volume': 100}
31-Oct-21 19:07:00 INFO AddBar(46) EVENT_BAR_CANDIDATE.EventBarCandidate.AddBar:{'o': 10.1, 'c': 10.2, 'h': 10.3, 'l': 10.05, 'v': 1000, 'S': 'FANG', 't': 1635732420} 
31-Oct-21 19:07:00 INFO addStock(17) EVENT_TRADE_SAVE.addStock: {'symbol': 'FANG', 'close': 10.45, 'volume': 100}
31-Oct-21 19:07:00 WARNING _bar_realtime(144) _bar_realtime: FANG - TSDB: wrong fromTimestamp
31-Oct-21 19:07:00 WARNING _bar_realtime(144) _bar_realtime: FANG - TSDB: wrong fromTimestamp
31-Oct-21 19:07:00 WARNING _bar_realtime(144) _bar_realtime: FANG - TSDB: wrong fromTimestamp
31-Oct-21 19:07:00 WARNING _bar_realtime(144) _bar_realtime: FANG - TSDB: wrong fromTimestamp
31-Oct-21 19:07:00 WARNING _bar_realtime(144) _bar_realtime: FANG - TSDB: wrong fromTimestamp
31-Oct-21 19:07:00 WARNING realtimeDataMinutes(223) Error realtimeDataMinutes: FANG - object of type 'NoneType' has no len()
31-Oct-21 19:07:00 INFO publish2Min(30) EventBarCandidate.publish2Min []
31-Oct-21 19:07:00 ERROR AddBar(57) Error EVENT_BAR_CANDIDATE.EventBarCandidate.AddBarlist indices must be integers or slices, not str
31-Oct-21 19:07:05 INFO addStock(20) EVENT_TRADE_NEW.addStock {'symbol': 'FANG', 'close': 10.45, 'volume': 100}
31-Oct-21 19:07:05 INFO addStock(17) EVENT_TRADE_SAVE.addStock: {'symbol': 'FANG', 'close': 10.45, 'volume': 100}
31-Oct-21 19:07:10 INFO addStock(20) EVENT_TRADE_NEW.addStock {'symbol': 'FANG', 'close': 10.45, 'volume': 100}
31-Oct-21 19:07:10 INFO addStock(17) EVENT_TRADE_SAVE.addStock: {'symbol': 'FANG', 'close': 10.45, 'volume': 100}
31-Oct-21 19:07:15 INFO addStock(20) EVENT_TRADE_NEW.addStock {'symbol': 'FANG', 'close': 10.45, 'volume': 100}
31-Oct-21 19:07:15 INFO addStock(17) EVENT_TRADE_SAVE.addStock: {'symbol': 'FANG', 'close': 10.45, 'volume': 100}
31-Oct-21 19:07:20 INFO addStock(20) EVENT_TRADE_NEW.addStock {'symbol': 'FANG', 'close': 10.45, 'volume': 100}
31-Oct-21 19:07:20 INFO addStock(17) EVENT_TRADE_SAVE.addStock: {'symbol': 'FANG', 'close': 10.45, 'volume': 100}
31-Oct-21 19:07:25 INFO addStock(20) EVENT_TRADE_NEW.addStock {'symbol': 'FANG', 'close': 10.45, 'volume': 100}
31-Oct-21 19:07:25 INFO addStock(17) EVENT_TRADE_SAVE.addStock: {'symbol': 'FANG', 'close': 10.45, 'volume': 100}
31-Oct-21 19:07:30 INFO addStock(20) EVENT_TRADE_NEW.addStock {'symbol': 'FANG', 'close': 10.45, 'volume': 100}
31-Oct-21 19:07:30 INFO addStock(17) EVENT_TRADE_SAVE.addStock: {'symbol': 'FANG', 'close': 10.45, 'volume': 100}
31-Oct-21 19:07:35 INFO addStock(20) EVENT_TRADE_NEW.addStock {'symbol': 'FANG', 'close': 10.45, 'volume': 100}
31-Oct-21 19:07:35 INFO addStock(17) EVENT_TRADE_SAVE.addStock: {'symbol': 'FANG', 'close': 10.45, 'volume': 100}
31-Oct-21 19:07:40 INFO addStock(20) EVENT_TRADE_NEW.addStock {'symbol': 'FANG', 'close': 10.45, 'volume': 100}
31-Oct-21 19:07:40 INFO addStock(17) EVENT_TRADE_SAVE.addStock: {'symbol': 'FANG', 'close': 10.45, 'volume': 100}
31-Oct-21 19:07:45 INFO addStock(20) EVENT_TRADE_NEW.addStock {'symbol': 'FANG', 'close': 10.45, 'volume': 100}
31-Oct-21 19:07:45 INFO addStock(17) EVENT_TRADE_SAVE.addStock: {'symbol': 'FANG', 'close': 10.45, 'volume': 100}
31-Oct-21 19:07:50 INFO addStock(20) EVENT_TRADE_NEW.addStock {'symbol': 'FANG', 'close': 10.45, 'volume': 100}
31-Oct-21 19:07:50 INFO addStock(17) EVENT_TRADE_SAVE.addStock: {'symbol': 'FANG', 'close': 10.45, 'volume': 100}
31-Oct-21 19:07:55 INFO addStock(20) EVENT_TRADE_NEW.addStock {'symbol': 'FANG', 'close': 10.45, 'volume': 100}
31-Oct-21 19:07:55 INFO addStock(17) EVENT_TRADE_SAVE.addStock: {'symbol': 'FANG', 'close': 10.45, 'volume': 100}
31-Oct-21 19:08:00 INFO AddBar(46) EVENT_BAR_CANDIDATE.EventBarCandidate.AddBar:{'o': 10.1, 'c': 10.2, 'h': 10.3, 'l': 10.05, 'v': 1000, 'S': 'FANG', 't': 1635732480} 
31-Oct-21 19:08:00 INFO addStock(20) EVENT_TRADE_NEW.addStock {'symbol': 'FANG', 'close': 10.45, 'volume': 100}
31-Oct-21 19:08:00 INFO addStock(17) EVENT_TRADE_SAVE.addStock: {'symbol': 'FANG', 'close': 10.45, 'volume': 100}
31-Oct-21 19:08:00 WARNING _bar_realtime(144) _bar_realtime: FANG - TSDB: wrong fromTimestamp
31-Oct-21 19:08:00 WARNING _bar_realtime(144) _bar_realtime: FANG - TSDB: wrong fromTimestamp
31-Oct-21 19:08:00 WARNING _bar_realtime(144) _bar_realtime: FANG - TSDB: wrong fromTimestamp
31-Oct-21 19:08:00 WARNING _bar_realtime(144) _bar_realtime: FANG - TSDB: wrong fromTimestamp
31-Oct-21 19:08:00 WARNING _bar_realtime(144) _bar_realtime: FANG - TSDB: wrong fromTimestamp
31-Oct-21 19:08:00 WARNING realtimeDataMinutes(223) Error realtimeDataMinutes: FANG - object of type 'NoneType' has no len()
31-Oct-21 19:08:00 INFO publish2Min(30) EventBarCandidate.publish2Min []
31-Oct-21 19:08:00 ERROR AddBar(57) Error EVENT_BAR_CANDIDATE.EventBarCandidate.AddBarlist indices must be integers or slices, not str
31-Oct-21 19:08:05 INFO addStock(20) EVENT_TRADE_NEW.addStock {'symbol': 'FANG', 'close': 10.45, 'volume': 100}
31-Oct-21 19:08:05 INFO addStock(17) EVENT_TRADE_SAVE.addStock: {'symbol': 'FANG', 'close': 10.45, 'volume': 100}
31-Oct-21 19:08:10 INFO addStock(20) EVENT_TRADE_NEW.addStock {'symbol': 'FANG', 'close': 10.45, 'volume': 100}
31-Oct-21 19:08:10 INFO addStock(17) EVENT_TRADE_SAVE.addStock: {'symbol': 'FANG', 'close': 10.45, 'volume': 100}
31-Oct-21 19:08:15 INFO addStock(20) EVENT_TRADE_NEW.addStock {'symbol': 'FANG', 'close': 10.45, 'volume': 100}
31-Oct-21 19:08:15 INFO addStock(17) EVENT_TRADE_SAVE.addStock: {'symbol': 'FANG', 'close': 10.45, 'volume': 100}
31-Oct-21 19:08:20 INFO addStock(20) EVENT_TRADE_NEW.addStock {'symbol': 'FANG', 'close': 10.45, 'volume': 100}
31-Oct-21 19:08:20 INFO addStock(17) EVENT_TRADE_SAVE.addStock: {'symbol': 'FANG', 'close': 10.45, 'volume': 100}
31-Oct-21 19:08:25 INFO addStock(20) EVENT_TRADE_NEW.addStock {'symbol': 'FANG', 'close': 10.45, 'volume': 100}
31-Oct-21 19:08:25 INFO addStock(17) EVENT_TRADE_SAVE.addStock: {'symbol': 'FANG', 'close': 10.45, 'volume': 100}
31-Oct-21 19:08:30 INFO addStock(20) EVENT_TRADE_NEW.addStock {'symbol': 'FANG', 'close': 10.45, 'volume': 100}
31-Oct-21 19:08:30 INFO addStock(17) EVENT_TRADE_SAVE.addStock: {'symbol': 'FANG', 'close': 10.45, 'volume': 100}
31-Oct-21 19:08:35 INFO addStock(20) EVENT_TRADE_NEW.addStock {'symbol': 'FANG', 'close': 10.45, 'volume': 100}
31-Oct-21 19:08:35 INFO addStock(17) EVENT_TRADE_SAVE.addStock: {'symbol': 'FANG', 'close': 10.45, 'volume': 100}
31-Oct-21 19:08:40 INFO addStock(20) EVENT_TRADE_NEW.addStock {'symbol': 'FANG', 'close': 10.45, 'volume': 100}
31-Oct-21 19:08:40 INFO addStock(17) EVENT_TRADE_SAVE.addStock: {'symbol': 'FANG', 'close': 10.45, 'volume': 100}
31-Oct-21 19:08:45 INFO addStock(20) EVENT_TRADE_NEW.addStock {'symbol': 'FANG', 'close': 10.45, 'volume': 100}
31-Oct-21 19:08:45 INFO addStock(17) EVENT_TRADE_SAVE.addStock: {'symbol': 'FANG', 'close': 10.45, 'volume': 100}
31-Oct-21 19:08:50 INFO addStock(20) EVENT_TRADE_NEW.addStock {'symbol': 'FANG', 'close': 10.45, 'volume': 100}
31-Oct-21 19:08:50 INFO addStock(17) EVENT_TRADE_SAVE.addStock: {'symbol': 'FANG', 'close': 10.45, 'volume': 100}
31-Oct-21 19:08:55 INFO addStock(20) EVENT_TRADE_NEW.addStock {'symbol': 'FANG', 'close': 10.45, 'volume': 100}
31-Oct-21 19:08:55 INFO addStock(17) EVENT_TRADE_SAVE.addStock: {'symbol': 'FANG', 'close': 10.45, 'volume': 100}
31-Oct-21 19:09:00 INFO addStock(20) EVENT_TRADE_NEW.addStock {'symbol': 'FANG', 'close': 10.45, 'volume': 100}
31-Oct-21 19:09:00 INFO AddBar(46) EVENT_BAR_CANDIDATE.EventBarCandidate.AddBar:{'o': 10.6, 'c': 10.7, 'h': 10.8, 'l': 10.55, 'v': 1000, 'S': 'FANG', 't': 1635732540} 
31-Oct-21 19:09:00 INFO addStock(17) EVENT_TRADE_SAVE.addStock: {'symbol': 'FANG', 'close': 10.45, 'volume': 100}
31-Oct-21 19:09:00 WARNING _bar_realtime(144) _bar_realtime: FANG - TSDB: wrong fromTimestamp
31-Oct-21 19:09:00 WARNING _bar_realtime(144) _bar_realtime: FANG - TSDB: wrong fromTimestamp
31-Oct-21 19:09:00 WARNING _bar_realtime(144) _bar_realtime: FANG - TSDB: wrong fromTimestamp
31-Oct-21 19:09:00 WARNING _bar_realtime(144) _bar_realtime: FANG - TSDB: wrong fromTimestamp
31-Oct-21 19:09:00 WARNING _bar_realtime(144) _bar_realtime: FANG - TSDB: wrong fromTimestamp
31-Oct-21 19:09:00 WARNING realtimeDataMinutes(223) Error realtimeDataMinutes: FANG - object of type 'NoneType' has no len()
31-Oct-21 19:09:00 INFO publish2Min(30) EventBarCandidate.publish2Min []
31-Oct-21 19:09:00 ERROR AddBar(57) Error EVENT_BAR_CANDIDATE.EventBarCandidate.AddBarlist indices must be integers or slices, not str
31-Oct-21 19:09:05 INFO addStock(20) EVENT_TRADE_NEW.addStock {'symbol': 'FANG', 'close': 10.45, 'volume': 100}
31-Oct-21 19:09:05 INFO addStock(17) EVENT_TRADE_SAVE.addStock: {'symbol': 'FANG', 'close': 10.45, 'volume': 100}
31-Oct-21 19:09:10 INFO addStock(20) EVENT_TRADE_NEW.addStock {'symbol': 'FANG', 'close': 10.45, 'volume': 100}
31-Oct-21 19:09:10 INFO addStock(17) EVENT_TRADE_SAVE.addStock: {'symbol': 'FANG', 'close': 10.45, 'volume': 100}
31-Oct-21 19:09:15 INFO addStock(20) EVENT_TRADE_NEW.addStock {'symbol': 'FANG', 'close': 10.45, 'volume': 100}
31-Oct-21 19:09:15 INFO addStock(17) EVENT_TRADE_SAVE.addStock: {'symbol': 'FANG', 'close': 10.45, 'volume': 100}
31-Oct-21 19:09:20 INFO addStock(20) EVENT_TRADE_NEW.addStock {'symbol': 'FANG', 'close': 10.45, 'volume': 100}
31-Oct-21 19:09:20 INFO addStock(17) EVENT_TRADE_SAVE.addStock: {'symbol': 'FANG', 'close': 10.45, 'volume': 100}
31-Oct-21 19:09:25 INFO addStock(20) EVENT_TRADE_NEW.addStock {'symbol': 'FANG', 'close': 10.45, 'volume': 100}
31-Oct-21 19:09:25 INFO addStock(17) EVENT_TRADE_SAVE.addStock: {'symbol': 'FANG', 'close': 10.45, 'volume': 100}
31-Oct-21 19:09:30 INFO addStock(20) EVENT_TRADE_NEW.addStock {'symbol': 'FANG', 'close': 10.45, 'volume': 100}
31-Oct-21 19:09:30 INFO addStock(17) EVENT_TRADE_SAVE.addStock: {'symbol': 'FANG', 'close': 10.45, 'volume': 100}
31-Oct-21 19:09:35 INFO addStock(20) EVENT_TRADE_NEW.addStock {'symbol': 'FANG', 'close': 10.45, 'volume': 100}
31-Oct-21 19:09:35 INFO addStock(17) EVENT_TRADE_SAVE.addStock: {'symbol': 'FANG', 'close': 10.45, 'volume': 100}
31-Oct-21 19:09:40 INFO addStock(20) EVENT_TRADE_NEW.addStock {'symbol': 'FANG', 'close': 10.45, 'volume': 100}
31-Oct-21 19:09:40 INFO addStock(17) EVENT_TRADE_SAVE.addStock: {'symbol': 'FANG', 'close': 10.45, 'volume': 100}
31-Oct-21 19:09:45 INFO addStock(20) EVENT_TRADE_NEW.addStock {'symbol': 'FANG', 'close': 10.45, 'volume': 100}
31-Oct-21 19:09:45 INFO addStock(17) EVENT_TRADE_SAVE.addStock: {'symbol': 'FANG', 'close': 10.45, 'volume': 100}
31-Oct-21 19:09:50 INFO addStock(20) EVENT_TRADE_NEW.addStock {'symbol': 'FANG', 'close': 10.45, 'volume': 100}
31-Oct-21 19:09:50 INFO addStock(17) EVENT_TRADE_SAVE.addStock: {'symbol': 'FANG', 'close': 10.45, 'volume': 100}
31-Oct-21 19:09:55 INFO addStock(20) EVENT_TRADE_NEW.addStock {'symbol': 'FANG', 'close': 10.45, 'volume': 100}
31-Oct-21 19:09:55 INFO addStock(17) EVENT_TRADE_SAVE.addStock: {'symbol': 'FANG', 'close': 10.45, 'volume': 100}
31-Oct-21 19:10:00 INFO addStock(20) EVENT_TRADE_NEW.addStock {'symbol': 'FANG', 'close': 10.45, 'volume': 100}
31-Oct-21 19:10:00 INFO AddBar(46) EVENT_BAR_CANDIDATE.EventBarCandidate.AddBar:{'o': 10.6, 'c': 10.7, 'h': 10.8, 'l': 10.55, 'v': 1000, 'S': 'FANG', 't': 1635732600} 
31-Oct-21 19:10:00 INFO addStock(17) EVENT_TRADE_SAVE.addStock: {'symbol': 'FANG', 'close': 10.45, 'volume': 100}
31-Oct-21 19:10:00 WARNING _bar_realtime(144) _bar_realtime: FANG - TSDB: wrong fromTimestamp
31-Oct-21 19:10:00 WARNING _bar_realtime(144) _bar_realtime: FANG - TSDB: wrong fromTimestamp
31-Oct-21 19:10:00 WARNING _bar_realtime(144) _bar_realtime: FANG - TSDB: wrong fromTimestamp
31-Oct-21 19:10:00 WARNING _bar_realtime(144) _bar_realtime: FANG - TSDB: wrong fromTimestamp
31-Oct-21 19:10:00 WARNING _bar_realtime(144) _bar_realtime: FANG - TSDB: wrong fromTimestamp
31-Oct-21 19:10:00 WARNING realtimeDataMinutes(223) Error realtimeDataMinutes: FANG - object of type 'NoneType' has no len()
31-Oct-21 19:10:00 INFO publish2Min(30) EventBarCandidate.publish2Min []
31-Oct-21 19:10:00 ERROR AddBar(57) Error EVENT_BAR_CANDIDATE.EventBarCandidate.AddBarlist indices must be integers or slices, not str
31-Oct-21 19:10:05 INFO addStock(20) EVENT_TRADE_NEW.addStock {'symbol': 'FANG', 'close': 10.45, 'volume': 100}
31-Oct-21 19:10:05 INFO addStock(17) EVENT_TRADE_SAVE.addStock: {'symbol': 'FANG', 'close': 10.45, 'volume': 100}
31-Oct-21 19:10:10 INFO addStock(20) EVENT_TRADE_NEW.addStock {'symbol': 'FANG', 'close': 10.45, 'volume': 100}
31-Oct-21 19:10:10 INFO addStock(17) EVENT_TRADE_SAVE.addStock: {'symbol': 'FANG', 'close': 10.45, 'volume': 100}
31-Oct-21 19:10:15 INFO addStock(20) EVENT_TRADE_NEW.addStock {'symbol': 'FANG', 'close': 10.45, 'volume': 100}
31-Oct-21 19:10:15 INFO addStock(17) EVENT_TRADE_SAVE.addStock: {'symbol': 'FANG', 'close': 10.45, 'volume': 100}
31-Oct-21 19:10:20 INFO addStock(20) EVENT_TRADE_NEW.addStock {'symbol': 'FANG', 'close': 10.45, 'volume': 100}
31-Oct-21 19:10:20 INFO addStock(17) EVENT_TRADE_SAVE.addStock: {'symbol': 'FANG', 'close': 10.45, 'volume': 100}
31-Oct-21 19:10:25 INFO addStock(20) EVENT_TRADE_NEW.addStock {'symbol': 'FANG', 'close': 10.45, 'volume': 100}
31-Oct-21 19:10:25 INFO addStock(17) EVENT_TRADE_SAVE.addStock: {'symbol': 'FANG', 'close': 10.45, 'volume': 100}
31-Oct-21 19:10:30 INFO addStock(20) EVENT_TRADE_NEW.addStock {'symbol': 'FANG', 'close': 10.45, 'volume': 100}
31-Oct-21 19:10:30 INFO addStock(17) EVENT_TRADE_SAVE.addStock: {'symbol': 'FANG', 'close': 10.45, 'volume': 100}
31-Oct-21 19:10:35 INFO addStock(20) EVENT_TRADE_NEW.addStock {'symbol': 'FANG', 'close': 10.45, 'volume': 100}
31-Oct-21 19:10:35 INFO addStock(17) EVENT_TRADE_SAVE.addStock: {'symbol': 'FANG', 'close': 10.45, 'volume': 100}
31-Oct-21 19:10:40 INFO addStock(20) EVENT_TRADE_NEW.addStock {'symbol': 'FANG', 'close': 10.45, 'volume': 100}
31-Oct-21 19:10:40 INFO addStock(17) EVENT_TRADE_SAVE.addStock: {'symbol': 'FANG', 'close': 10.45, 'volume': 100}
31-Oct-21 19:10:45 INFO addStock(20) EVENT_TRADE_NEW.addStock {'symbol': 'FANG', 'close': 10.45, 'volume': 100}
31-Oct-21 19:10:45 INFO addStock(17) EVENT_TRADE_SAVE.addStock: {'symbol': 'FANG', 'close': 10.45, 'volume': 100}
31-Oct-21 19:10:50 INFO addStock(20) EVENT_TRADE_NEW.addStock {'symbol': 'FANG', 'close': 10.45, 'volume': 100}
31-Oct-21 19:10:50 INFO addStock(17) EVENT_TRADE_SAVE.addStock: {'symbol': 'FANG', 'close': 10.45, 'volume': 100}
31-Oct-21 19:10:55 INFO addStock(20) EVENT_TRADE_NEW.addStock {'symbol': 'FANG', 'close': 10.45, 'volume': 100}
31-Oct-21 19:10:55 INFO addStock(17) EVENT_TRADE_SAVE.addStock: {'symbol': 'FANG', 'close': 10.45, 'volume': 100}
31-Oct-21 19:11:00 INFO AddBar(46) EVENT_BAR_CANDIDATE.EventBarCandidate.AddBar:{'o': 10.6, 'c': 10.7, 'h': 10.8, 'l': 10.55, 'v': 1000, 'S': 'FANG', 't': 1635732660} 
31-Oct-21 19:11:00 INFO addStock(20) EVENT_TRADE_NEW.addStock {'symbol': 'FANG', 'close': 10.45, 'volume': 100}
31-Oct-21 19:11:00 INFO addStock(17) EVENT_TRADE_SAVE.addStock: {'symbol': 'FANG', 'close': 10.45, 'volume': 100}
31-Oct-21 19:11:00 WARNING _bar_realtime(144) _bar_realtime: FANG - TSDB: wrong fromTimestamp
31-Oct-21 19:11:00 WARNING _bar_realtime(144) _bar_realtime: FANG - TSDB: wrong fromTimestamp
31-Oct-21 19:11:00 WARNING _bar_realtime(144) _bar_realtime: FANG - TSDB: wrong fromTimestamp
31-Oct-21 19:11:00 WARNING _bar_realtime(144) _bar_realtime: FANG - TSDB: wrong fromTimestamp
31-Oct-21 19:11:00 WARNING _bar_realtime(144) _bar_realtime: FANG - TSDB: wrong fromTimestamp
31-Oct-21 19:11:00 WARNING realtimeDataMinutes(223) Error realtimeDataMinutes: FANG - object of type 'NoneType' has no len()
31-Oct-21 19:11:00 INFO publish2Min(30) EventBarCandidate.publish2Min []
31-Oct-21 19:11:00 ERROR AddBar(57) Error EVENT_BAR_CANDIDATE.EventBarCandidate.AddBarlist indices must be integers or slices, not str
31-Oct-21 19:11:05 INFO addStock(20) EVENT_TRADE_NEW.addStock {'symbol': 'FANG', 'close': 10.45, 'volume': 100}
31-Oct-21 19:11:05 INFO addStock(17) EVENT_TRADE_SAVE.addStock: {'symbol': 'FANG', 'close': 10.45, 'volume': 100}
31-Oct-21 19:11:10 INFO addStock(20) EVENT_TRADE_NEW.addStock {'symbol': 'FANG', 'close': 10.45, 'volume': 100}
31-Oct-21 19:11:10 INFO addStock(17) EVENT_TRADE_SAVE.addStock: {'symbol': 'FANG', 'close': 10.45, 'volume': 100}
31-Oct-21 19:11:15 INFO addStock(20) EVENT_TRADE_NEW.addStock {'symbol': 'FANG', 'close': 10.45, 'volume': 100}
31-Oct-21 19:11:15 INFO addStock(17) EVENT_TRADE_SAVE.addStock: {'symbol': 'FANG', 'close': 10.45, 'volume': 100}
31-Oct-21 19:11:20 INFO addStock(20) EVENT_TRADE_NEW.addStock {'symbol': 'FANG', 'close': 10.45, 'volume': 100}
31-Oct-21 19:11:20 INFO addStock(17) EVENT_TRADE_SAVE.addStock: {'symbol': 'FANG', 'close': 10.45, 'volume': 100}
31-Oct-21 19:11:25 INFO addStock(20) EVENT_TRADE_NEW.addStock {'symbol': 'FANG', 'close': 10.45, 'volume': 100}
31-Oct-21 19:11:25 INFO addStock(17) EVENT_TRADE_SAVE.addStock: {'symbol': 'FANG', 'close': 10.45, 'volume': 100}
31-Oct-21 19:11:30 INFO addStock(20) EVENT_TRADE_NEW.addStock {'symbol': 'FANG', 'close': 10.45, 'volume': 100}
31-Oct-21 19:11:30 INFO addStock(17) EVENT_TRADE_SAVE.addStock: {'symbol': 'FANG', 'close': 10.45, 'volume': 100}
31-Oct-21 19:11:35 INFO addStock(20) EVENT_TRADE_NEW.addStock {'symbol': 'FANG', 'close': 10.45, 'volume': 100}
31-Oct-21 19:11:35 INFO addStock(17) EVENT_TRADE_SAVE.addStock: {'symbol': 'FANG', 'close': 10.45, 'volume': 100}
31-Oct-21 19:11:40 INFO addStock(20) EVENT_TRADE_NEW.addStock {'symbol': 'FANG', 'close': 10.45, 'volume': 100}
31-Oct-21 19:11:40 INFO addStock(17) EVENT_TRADE_SAVE.addStock: {'symbol': 'FANG', 'close': 10.45, 'volume': 100}
31-Oct-21 19:11:45 INFO addStock(20) EVENT_TRADE_NEW.addStock {'symbol': 'FANG', 'close': 10.45, 'volume': 100}
31-Oct-21 19:11:45 INFO addStock(17) EVENT_TRADE_SAVE.addStock: {'symbol': 'FANG', 'close': 10.45, 'volume': 100}
31-Oct-21 19:11:50 INFO addStock(20) EVENT_TRADE_NEW.addStock {'symbol': 'FANG', 'close': 10.45, 'volume': 100}
31-Oct-21 19:11:50 INFO addStock(17) EVENT_TRADE_SAVE.addStock: {'symbol': 'FANG', 'close': 10.45, 'volume': 100}
31-Oct-21 19:11:55 INFO addStock(20) EVENT_TRADE_NEW.addStock {'symbol': 'FANG', 'close': 10.45, 'volume': 100}
31-Oct-21 19:11:55 INFO addStock(17) EVENT_TRADE_SAVE.addStock: {'symbol': 'FANG', 'close': 10.45, 'volume': 100}
31-Oct-21 19:12:00 INFO AddBar(46) EVENT_BAR_CANDIDATE.EventBarCandidate.AddBar:{'o': 10.6, 'c': 10.7, 'h': 10.8, 'l': 10.55, 'v': 1000, 'S': 'FANG', 't': 1635732720} 
31-Oct-21 19:12:00 INFO addStock(20) EVENT_TRADE_NEW.addStock {'symbol': 'FANG', 'close': 10.45, 'volume': 100}
31-Oct-21 19:12:00 INFO addStock(17) EVENT_TRADE_SAVE.addStock: {'symbol': 'FANG', 'close': 10.45, 'volume': 100}
31-Oct-21 19:12:00 WARNING _bar_realtime(144) _bar_realtime: FANG - TSDB: wrong fromTimestamp
31-Oct-21 19:12:00 WARNING _bar_realtime(144) _bar_realtime: FANG - TSDB: wrong fromTimestamp
31-Oct-21 19:12:00 WARNING _bar_realtime(144) _bar_realtime: FANG - TSDB: wrong fromTimestamp
31-Oct-21 19:12:00 WARNING _bar_realtime(144) _bar_realtime: FANG - TSDB: wrong fromTimestamp
31-Oct-21 19:12:00 WARNING _bar_realtime(144) _bar_realtime: FANG - TSDB: wrong fromTimestamp
31-Oct-21 19:12:00 WARNING realtimeDataMinutes(223) Error realtimeDataMinutes: FANG - object of type 'NoneType' has no len()
31-Oct-21 19:12:00 INFO publish2Min(30) EventBarCandidate.publish2Min []
31-Oct-21 19:12:00 ERROR AddBar(57) Error EVENT_BAR_CANDIDATE.EventBarCandidate.AddBarlist indices must be integers or slices, not str
31-Oct-21 19:12:05 INFO addStock(20) EVENT_TRADE_NEW.addStock {'symbol': 'FANG', 'close': 10.45, 'volume': 100}
31-Oct-21 19:12:05 INFO addStock(17) EVENT_TRADE_SAVE.addStock: {'symbol': 'FANG', 'close': 10.45, 'volume': 100}
31-Oct-21 19:12:10 INFO addStock(20) EVENT_TRADE_NEW.addStock {'symbol': 'FANG', 'close': 10.45, 'volume': 100}
31-Oct-21 19:12:10 INFO addStock(17) EVENT_TRADE_SAVE.addStock: {'symbol': 'FANG', 'close': 10.45, 'volume': 100}
31-Oct-21 19:12:15 INFO addStock(20) EVENT_TRADE_NEW.addStock {'symbol': 'FANG', 'close': 10.45, 'volume': 100}
31-Oct-21 19:12:15 INFO addStock(17) EVENT_TRADE_SAVE.addStock: {'symbol': 'FANG', 'close': 10.45, 'volume': 100}
31-Oct-21 19:12:20 INFO addStock(20) EVENT_TRADE_NEW.addStock {'symbol': 'FANG', 'close': 10.45, 'volume': 100}
31-Oct-21 19:12:20 INFO addStock(17) EVENT_TRADE_SAVE.addStock: {'symbol': 'FANG', 'close': 10.45, 'volume': 100}
31-Oct-21 19:12:25 INFO addStock(20) EVENT_TRADE_NEW.addStock {'symbol': 'FANG', 'close': 10.45, 'volume': 100}
31-Oct-21 19:12:25 INFO addStock(17) EVENT_TRADE_SAVE.addStock: {'symbol': 'FANG', 'close': 10.45, 'volume': 100}
31-Oct-21 19:12:30 INFO addStock(20) EVENT_TRADE_NEW.addStock {'symbol': 'FANG', 'close': 10.45, 'volume': 100}
31-Oct-21 19:12:30 INFO addStock(17) EVENT_TRADE_SAVE.addStock: {'symbol': 'FANG', 'close': 10.45, 'volume': 100}
31-Oct-21 19:12:35 INFO addStock(20) EVENT_TRADE_NEW.addStock {'symbol': 'FANG', 'close': 10.45, 'volume': 100}
31-Oct-21 19:12:35 INFO addStock(17) EVENT_TRADE_SAVE.addStock: {'symbol': 'FANG', 'close': 10.45, 'volume': 100}
31-Oct-21 19:12:40 INFO addStock(20) EVENT_TRADE_NEW.addStock {'symbol': 'FANG', 'close': 10.45, 'volume': 100}
31-Oct-21 19:12:40 INFO addStock(17) EVENT_TRADE_SAVE.addStock: {'symbol': 'FANG', 'close': 10.45, 'volume': 100}
31-Oct-21 19:12:45 INFO addStock(20) EVENT_TRADE_NEW.addStock {'symbol': 'FANG', 'close': 10.45, 'volume': 100}
31-Oct-21 19:12:45 INFO addStock(17) EVENT_TRADE_SAVE.addStock: {'symbol': 'FANG', 'close': 10.45, 'volume': 100}
31-Oct-21 19:12:50 INFO addStock(20) EVENT_TRADE_NEW.addStock {'symbol': 'FANG', 'close': 10.45, 'volume': 100}
31-Oct-21 19:12:50 INFO addStock(17) EVENT_TRADE_SAVE.addStock: {'symbol': 'FANG', 'close': 10.45, 'volume': 100}
31-Oct-21 19:12:55 INFO addStock(20) EVENT_TRADE_NEW.addStock {'symbol': 'FANG', 'close': 10.45, 'volume': 100}
31-Oct-21 19:12:55 INFO addStock(17) EVENT_TRADE_SAVE.addStock: {'symbol': 'FANG', 'close': 10.45, 'volume': 100}
31-Oct-21 19:13:00 INFO AddBar(46) EVENT_BAR_CANDIDATE.EventBarCandidate.AddBar:{'o': 10.299999999999999, 'c': 10.399999999999999, 'h': 10.5, 'l': 10.25, 'v': 1000, 'S': 'FANG', 't': 1635732780} 
31-Oct-21 19:13:00 INFO addStock(20) EVENT_TRADE_NEW.addStock {'symbol': 'FANG', 'close': 10.45, 'volume': 100}
31-Oct-21 19:13:00 INFO addStock(17) EVENT_TRADE_SAVE.addStock: {'symbol': 'FANG', 'close': 10.45, 'volume': 100}
31-Oct-21 19:13:00 WARNING _bar_realtime(144) _bar_realtime: FANG - TSDB: wrong fromTimestamp
31-Oct-21 19:13:00 WARNING _bar_realtime(144) _bar_realtime: FANG - TSDB: wrong fromTimestamp
31-Oct-21 19:13:00 WARNING _bar_realtime(144) _bar_realtime: FANG - TSDB: wrong fromTimestamp
31-Oct-21 19:13:00 WARNING _bar_realtime(144) _bar_realtime: FANG - TSDB: wrong fromTimestamp
31-Oct-21 19:13:00 WARNING _bar_realtime(144) _bar_realtime: FANG - TSDB: wrong fromTimestamp
31-Oct-21 19:13:00 WARNING realtimeDataMinutes(223) Error realtimeDataMinutes: FANG - object of type 'NoneType' has no len()
31-Oct-21 19:13:00 INFO publish2Min(30) EventBarCandidate.publish2Min []
31-Oct-21 19:13:00 ERROR AddBar(57) Error EVENT_BAR_CANDIDATE.EventBarCandidate.AddBarlist indices must be integers or slices, not str
31-Oct-21 19:13:05 INFO addStock(20) EVENT_TRADE_NEW.addStock {'symbol': 'FANG', 'close': 10.45, 'volume': 100}
31-Oct-21 19:13:05 INFO addStock(17) EVENT_TRADE_SAVE.addStock: {'symbol': 'FANG', 'close': 10.45, 'volume': 100}
31-Oct-21 19:13:10 INFO addStock(20) EVENT_TRADE_NEW.addStock {'symbol': 'FANG', 'close': 10.45, 'volume': 100}
31-Oct-21 19:13:10 INFO addStock(17) EVENT_TRADE_SAVE.addStock: {'symbol': 'FANG', 'close': 10.45, 'volume': 100}
31-Oct-21 19:13:15 INFO addStock(20) EVENT_TRADE_NEW.addStock {'symbol': 'FANG', 'close': 10.45, 'volume': 100}
31-Oct-21 19:13:15 INFO addStock(17) EVENT_TRADE_SAVE.addStock: {'symbol': 'FANG', 'close': 10.45, 'volume': 100}
31-Oct-21 19:13:20 INFO addStock(20) EVENT_TRADE_NEW.addStock {'symbol': 'FANG', 'close': 10.45, 'volume': 100}
31-Oct-21 19:13:20 INFO addStock(17) EVENT_TRADE_SAVE.addStock: {'symbol': 'FANG', 'close': 10.45, 'volume': 100}
31-Oct-21 19:13:25 INFO addStock(20) EVENT_TRADE_NEW.addStock {'symbol': 'FANG', 'close': 10.45, 'volume': 100}
31-Oct-21 19:13:25 INFO addStock(17) EVENT_TRADE_SAVE.addStock: {'symbol': 'FANG', 'close': 10.45, 'volume': 100}
31-Oct-21 19:13:30 INFO addStock(20) EVENT_TRADE_NEW.addStock {'symbol': 'FANG', 'close': 10.45, 'volume': 100}
31-Oct-21 19:13:30 INFO addStock(17) EVENT_TRADE_SAVE.addStock: {'symbol': 'FANG', 'close': 10.45, 'volume': 100}
31-Oct-21 19:13:35 INFO addStock(20) EVENT_TRADE_NEW.addStock {'symbol': 'FANG', 'close': 10.45, 'volume': 100}
31-Oct-21 19:13:35 INFO addStock(17) EVENT_TRADE_SAVE.addStock: {'symbol': 'FANG', 'close': 10.45, 'volume': 100}
31-Oct-21 19:13:40 INFO addStock(20) EVENT_TRADE_NEW.addStock {'symbol': 'FANG', 'close': 10.45, 'volume': 100}
31-Oct-21 19:13:40 INFO addStock(17) EVENT_TRADE_SAVE.addStock: {'symbol': 'FANG', 'close': 10.45, 'volume': 100}
31-Oct-21 19:13:45 INFO addStock(20) EVENT_TRADE_NEW.addStock {'symbol': 'FANG', 'close': 10.45, 'volume': 100}
31-Oct-21 19:13:45 INFO addStock(17) EVENT_TRADE_SAVE.addStock: {'symbol': 'FANG', 'close': 10.45, 'volume': 100}
31-Oct-21 19:13:50 INFO addStock(20) EVENT_TRADE_NEW.addStock {'symbol': 'FANG', 'close': 10.45, 'volume': 100}
31-Oct-21 19:13:50 INFO addStock(17) EVENT_TRADE_SAVE.addStock: {'symbol': 'FANG', 'close': 10.45, 'volume': 100}
31-Oct-21 19:13:55 INFO addStock(20) EVENT_TRADE_NEW.addStock {'symbol': 'FANG', 'close': 10.45, 'volume': 100}
31-Oct-21 19:13:55 INFO addStock(17) EVENT_TRADE_SAVE.addStock: {'symbol': 'FANG', 'close': 10.45, 'volume': 100}
31-Oct-21 19:14:00 INFO AddBar(46) EVENT_BAR_CANDIDATE.EventBarCandidate.AddBar:{'o': 10.299999999999999, 'c': 10.399999999999999, 'h': 10.5, 'l': 10.25, 'v': 1000, 'S': 'FANG', 't': 1635732840} 
31-Oct-21 19:14:00 INFO addStock(20) EVENT_TRADE_NEW.addStock {'symbol': 'FANG', 'close': 10.45, 'volume': 100}
31-Oct-21 19:14:00 INFO addStock(17) EVENT_TRADE_SAVE.addStock: {'symbol': 'FANG', 'close': 10.45, 'volume': 100}
31-Oct-21 19:14:00 WARNING _bar_realtime(144) _bar_realtime: FANG - TSDB: wrong fromTimestamp
31-Oct-21 19:14:00 WARNING _bar_realtime(144) _bar_realtime: FANG - TSDB: wrong fromTimestamp
31-Oct-21 19:14:00 WARNING _bar_realtime(144) _bar_realtime: FANG - TSDB: wrong fromTimestamp
31-Oct-21 19:14:00 WARNING _bar_realtime(144) _bar_realtime: FANG - TSDB: wrong fromTimestamp
31-Oct-21 19:14:00 WARNING _bar_realtime(144) _bar_realtime: FANG - TSDB: wrong fromTimestamp
31-Oct-21 19:14:00 WARNING realtimeDataMinutes(223) Error realtimeDataMinutes: FANG - object of type 'NoneType' has no len()
31-Oct-21 19:14:00 INFO publish2Min(30) EventBarCandidate.publish2Min []
31-Oct-21 19:14:00 ERROR AddBar(57) Error EVENT_BAR_CANDIDATE.EventBarCandidate.AddBarlist indices must be integers or slices, not str
31-Oct-21 19:14:05 INFO addStock(20) EVENT_TRADE_NEW.addStock {'symbol': 'FANG', 'close': 10.45, 'volume': 100}
31-Oct-21 19:14:05 INFO addStock(17) EVENT_TRADE_SAVE.addStock: {'symbol': 'FANG', 'close': 10.45, 'volume': 100}
31-Oct-21 19:14:10 INFO addStock(20) EVENT_TRADE_NEW.addStock {'symbol': 'FANG', 'close': 10.45, 'volume': 100}
31-Oct-21 19:14:10 INFO addStock(17) EVENT_TRADE_SAVE.addStock: {'symbol': 'FANG', 'close': 10.45, 'volume': 100}
31-Oct-21 19:14:15 INFO addStock(20) EVENT_TRADE_NEW.addStock {'symbol': 'FANG', 'close': 10.45, 'volume': 100}
31-Oct-21 19:14:15 INFO addStock(17) EVENT_TRADE_SAVE.addStock: {'symbol': 'FANG', 'close': 10.45, 'volume': 100}
31-Oct-21 19:14:20 INFO addStock(20) EVENT_TRADE_NEW.addStock {'symbol': 'FANG', 'close': 10.45, 'volume': 100}
31-Oct-21 19:14:20 INFO addStock(17) EVENT_TRADE_SAVE.addStock: {'symbol': 'FANG', 'close': 10.45, 'volume': 100}
31-Oct-21 19:14:25 INFO addStock(20) EVENT_TRADE_NEW.addStock {'symbol': 'FANG', 'close': 10.45, 'volume': 100}
31-Oct-21 19:14:25 INFO addStock(17) EVENT_TRADE_SAVE.addStock: {'symbol': 'FANG', 'close': 10.45, 'volume': 100}
31-Oct-21 19:14:30 INFO addStock(20) EVENT_TRADE_NEW.addStock {'symbol': 'FANG', 'close': 10.45, 'volume': 100}
31-Oct-21 19:14:30 INFO addStock(17) EVENT_TRADE_SAVE.addStock: {'symbol': 'FANG', 'close': 10.45, 'volume': 100}
31-Oct-21 19:14:35 INFO addStock(20) EVENT_TRADE_NEW.addStock {'symbol': 'FANG', 'close': 10.45, 'volume': 100}
31-Oct-21 19:14:35 INFO addStock(17) EVENT_TRADE_SAVE.addStock: {'symbol': 'FANG', 'close': 10.45, 'volume': 100}
31-Oct-21 19:14:40 INFO addStock(20) EVENT_TRADE_NEW.addStock {'symbol': 'FANG', 'close': 10.45, 'volume': 100}
31-Oct-21 19:14:40 INFO addStock(17) EVENT_TRADE_SAVE.addStock: {'symbol': 'FANG', 'close': 10.45, 'volume': 100}
31-Oct-21 19:14:45 INFO addStock(20) EVENT_TRADE_NEW.addStock {'symbol': 'FANG', 'close': 10.45, 'volume': 100}
31-Oct-21 19:14:45 INFO addStock(17) EVENT_TRADE_SAVE.addStock: {'symbol': 'FANG', 'close': 10.45, 'volume': 100}
31-Oct-21 19:14:50 INFO addStock(20) EVENT_TRADE_NEW.addStock {'symbol': 'FANG', 'close': 10.45, 'volume': 100}
31-Oct-21 19:14:50 INFO addStock(17) EVENT_TRADE_SAVE.addStock: {'symbol': 'FANG', 'close': 10.45, 'volume': 100}
31-Oct-21 19:14:55 INFO addStock(20) EVENT_TRADE_NEW.addStock {'symbol': 'FANG', 'close': 10.45, 'volume': 100}
31-Oct-21 19:14:55 INFO addStock(17) EVENT_TRADE_SAVE.addStock: {'symbol': 'FANG', 'close': 10.45, 'volume': 100}
31-Oct-21 19:15:00 INFO AddBar(46) EVENT_BAR_CANDIDATE.EventBarCandidate.AddBar:{'o': 10.1, 'c': 10.2, 'h': 10.3, 'l': 10.05, 'v': 1000, 'S': 'FANG', 't': 1635732900} 
31-Oct-21 19:15:00 INFO addStock(20) EVENT_TRADE_NEW.addStock {'symbol': 'FANG', 'close': 10.45, 'volume': 100}
31-Oct-21 19:15:00 INFO addStock(17) EVENT_TRADE_SAVE.addStock: {'symbol': 'FANG', 'close': 10.45, 'volume': 100}
31-Oct-21 19:15:00 WARNING _bar_realtime(144) _bar_realtime: FANG - TSDB: wrong fromTimestamp
31-Oct-21 19:15:00 WARNING _bar_realtime(144) _bar_realtime: FANG - TSDB: wrong fromTimestamp
31-Oct-21 19:15:00 WARNING _bar_realtime(144) _bar_realtime: FANG - TSDB: wrong fromTimestamp
31-Oct-21 19:15:00 WARNING _bar_realtime(144) _bar_realtime: FANG - TSDB: wrong fromTimestamp
31-Oct-21 19:15:00 WARNING _bar_realtime(144) _bar_realtime: FANG - TSDB: wrong fromTimestamp
31-Oct-21 19:15:00 WARNING realtimeDataMinutes(223) Error realtimeDataMinutes: FANG - object of type 'NoneType' has no len()
31-Oct-21 19:15:00 INFO publish2Min(30) EventBarCandidate.publish2Min []
31-Oct-21 19:15:00 ERROR AddBar(57) Error EVENT_BAR_CANDIDATE.EventBarCandidate.AddBarlist indices must be integers or slices, not str
31-Oct-21 19:15:05 INFO addStock(20) EVENT_TRADE_NEW.addStock {'symbol': 'FANG', 'close': 10.45, 'volume': 100}
31-Oct-21 19:15:05 INFO addStock(17) EVENT_TRADE_SAVE.addStock: {'symbol': 'FANG', 'close': 10.45, 'volume': 100}
31-Oct-21 19:15:10 INFO addStock(20) EVENT_TRADE_NEW.addStock {'symbol': 'FANG', 'close': 10.45, 'volume': 100}
31-Oct-21 19:15:10 INFO addStock(17) EVENT_TRADE_SAVE.addStock: {'symbol': 'FANG', 'close': 10.45, 'volume': 100}
31-Oct-21 19:15:15 INFO addStock(20) EVENT_TRADE_NEW.addStock {'symbol': 'FANG', 'close': 10.45, 'volume': 100}
31-Oct-21 19:15:15 INFO addStock(17) EVENT_TRADE_SAVE.addStock: {'symbol': 'FANG', 'close': 10.45, 'volume': 100}
31-Oct-21 19:15:20 INFO addStock(20) EVENT_TRADE_NEW.addStock {'symbol': 'FANG', 'close': 10.45, 'volume': 100}
31-Oct-21 19:15:20 INFO addStock(17) EVENT_TRADE_SAVE.addStock: {'symbol': 'FANG', 'close': 10.45, 'volume': 100}
31-Oct-21 19:15:25 INFO addStock(20) EVENT_TRADE_NEW.addStock {'symbol': 'FANG', 'close': 10.45, 'volume': 100}
31-Oct-21 19:15:25 INFO addStock(17) EVENT_TRADE_SAVE.addStock: {'symbol': 'FANG', 'close': 10.45, 'volume': 100}
31-Oct-21 19:15:30 INFO addStock(20) EVENT_TRADE_NEW.addStock {'symbol': 'FANG', 'close': 10.45, 'volume': 100}
31-Oct-21 19:15:30 INFO addStock(17) EVENT_TRADE_SAVE.addStock: {'symbol': 'FANG', 'close': 10.45, 'volume': 100}
31-Oct-21 19:15:35 INFO addStock(20) EVENT_TRADE_NEW.addStock {'symbol': 'FANG', 'close': 10.45, 'volume': 100}
31-Oct-21 19:15:35 INFO addStock(17) EVENT_TRADE_SAVE.addStock: {'symbol': 'FANG', 'close': 10.45, 'volume': 100}
31-Oct-21 19:15:40 INFO addStock(20) EVENT_TRADE_NEW.addStock {'symbol': 'FANG', 'close': 10.45, 'volume': 100}
31-Oct-21 19:15:40 INFO addStock(17) EVENT_TRADE_SAVE.addStock: {'symbol': 'FANG', 'close': 10.45, 'volume': 100}
31-Oct-21 19:15:45 INFO addStock(20) EVENT_TRADE_NEW.addStock {'symbol': 'FANG', 'close': 10.45, 'volume': 100}
31-Oct-21 19:15:45 INFO addStock(17) EVENT_TRADE_SAVE.addStock: {'symbol': 'FANG', 'close': 10.45, 'volume': 100}
31-Oct-21 19:15:50 INFO addStock(20) EVENT_TRADE_NEW.addStock {'symbol': 'FANG', 'close': 10.45, 'volume': 100}
31-Oct-21 19:15:50 INFO addStock(17) EVENT_TRADE_SAVE.addStock: {'symbol': 'FANG', 'close': 10.45, 'volume': 100}
31-Oct-21 19:15:55 INFO addStock(20) EVENT_TRADE_NEW.addStock {'symbol': 'FANG', 'close': 10.45, 'volume': 100}
31-Oct-21 19:15:55 INFO addStock(17) EVENT_TRADE_SAVE.addStock: {'symbol': 'FANG', 'close': 10.45, 'volume': 100}
31-Oct-21 19:16:00 INFO AddBar(46) EVENT_BAR_CANDIDATE.EventBarCandidate.AddBar:{'o': 10.1, 'c': 10.2, 'h': 10.3, 'l': 10.05, 'v': 1000, 'S': 'FANG', 't': 1635732960} 
31-Oct-21 19:16:00 INFO addStock(20) EVENT_TRADE_NEW.addStock {'symbol': 'FANG', 'close': 10.45, 'volume': 100}
31-Oct-21 19:16:00 INFO addStock(17) EVENT_TRADE_SAVE.addStock: {'symbol': 'FANG', 'close': 10.45, 'volume': 100}
31-Oct-21 19:16:00 WARNING _bar_realtime(144) _bar_realtime: FANG - TSDB: wrong fromTimestamp
31-Oct-21 19:16:00 WARNING _bar_realtime(144) _bar_realtime: FANG - TSDB: wrong fromTimestamp
31-Oct-21 19:16:00 WARNING _bar_realtime(144) _bar_realtime: FANG - TSDB: wrong fromTimestamp
31-Oct-21 19:16:00 WARNING _bar_realtime(144) _bar_realtime: FANG - TSDB: wrong fromTimestamp
31-Oct-21 19:16:00 WARNING _bar_realtime(144) _bar_realtime: FANG - TSDB: wrong fromTimestamp
31-Oct-21 19:16:00 WARNING realtimeDataMinutes(223) Error realtimeDataMinutes: FANG - object of type 'NoneType' has no len()
31-Oct-21 19:16:00 INFO publish2Min(30) EventBarCandidate.publish2Min []
31-Oct-21 19:16:00 ERROR AddBar(57) Error EVENT_BAR_CANDIDATE.EventBarCandidate.AddBarlist indices must be integers or slices, not str
31-Oct-21 19:16:05 INFO addStock(20) EVENT_TRADE_NEW.addStock {'symbol': 'FANG', 'close': 10.45, 'volume': 100}
31-Oct-21 19:16:05 INFO addStock(17) EVENT_TRADE_SAVE.addStock: {'symbol': 'FANG', 'close': 10.45, 'volume': 100}
31-Oct-21 19:16:10 INFO addStock(20) EVENT_TRADE_NEW.addStock {'symbol': 'FANG', 'close': 10.45, 'volume': 100}
31-Oct-21 19:16:10 INFO addStock(17) EVENT_TRADE_SAVE.addStock: {'symbol': 'FANG', 'close': 10.45, 'volume': 100}
31-Oct-21 19:16:15 INFO addStock(20) EVENT_TRADE_NEW.addStock {'symbol': 'FANG', 'close': 10.45, 'volume': 100}
31-Oct-21 19:16:15 INFO addStock(17) EVENT_TRADE_SAVE.addStock: {'symbol': 'FANG', 'close': 10.45, 'volume': 100}
31-Oct-21 19:16:20 INFO addStock(20) EVENT_TRADE_NEW.addStock {'symbol': 'FANG', 'close': 10.45, 'volume': 100}
31-Oct-21 19:16:20 INFO addStock(17) EVENT_TRADE_SAVE.addStock: {'symbol': 'FANG', 'close': 10.45, 'volume': 100}
31-Oct-21 19:16:25 INFO addStock(20) EVENT_TRADE_NEW.addStock {'symbol': 'FANG', 'close': 10.45, 'volume': 100}
31-Oct-21 19:16:25 INFO addStock(17) EVENT_TRADE_SAVE.addStock: {'symbol': 'FANG', 'close': 10.45, 'volume': 100}
31-Oct-21 19:16:30 INFO addStock(20) EVENT_TRADE_NEW.addStock {'symbol': 'FANG', 'close': 10.45, 'volume': 100}
31-Oct-21 19:16:30 INFO addStock(17) EVENT_TRADE_SAVE.addStock: {'symbol': 'FANG', 'close': 10.45, 'volume': 100}
31-Oct-21 19:16:35 INFO addStock(20) EVENT_TRADE_NEW.addStock {'symbol': 'FANG', 'close': 10.45, 'volume': 100}
31-Oct-21 19:16:35 INFO addStock(17) EVENT_TRADE_SAVE.addStock: {'symbol': 'FANG', 'close': 10.45, 'volume': 100}
31-Oct-21 19:16:40 INFO addStock(20) EVENT_TRADE_NEW.addStock {'symbol': 'FANG', 'close': 10.45, 'volume': 100}
31-Oct-21 19:16:40 INFO addStock(17) EVENT_TRADE_SAVE.addStock: {'symbol': 'FANG', 'close': 10.45, 'volume': 100}
31-Oct-21 19:16:45 INFO addStock(20) EVENT_TRADE_NEW.addStock {'symbol': 'FANG', 'close': 10.45, 'volume': 100}
31-Oct-21 19:16:45 INFO addStock(17) EVENT_TRADE_SAVE.addStock: {'symbol': 'FANG', 'close': 10.45, 'volume': 100}
31-Oct-21 19:16:50 INFO addStock(20) EVENT_TRADE_NEW.addStock {'symbol': 'FANG', 'close': 10.45, 'volume': 100}
31-Oct-21 19:16:50 INFO addStock(17) EVENT_TRADE_SAVE.addStock: {'symbol': 'FANG', 'close': 10.45, 'volume': 100}
31-Oct-21 19:16:55 INFO addStock(20) EVENT_TRADE_NEW.addStock {'symbol': 'FANG', 'close': 10.45, 'volume': 100}
31-Oct-21 19:16:55 INFO addStock(17) EVENT_TRADE_SAVE.addStock: {'symbol': 'FANG', 'close': 10.45, 'volume': 100}
31-Oct-21 19:17:00 INFO AddBar(46) EVENT_BAR_CANDIDATE.EventBarCandidate.AddBar:{'o': 10.6, 'c': 10.7, 'h': 10.8, 'l': 10.55, 'v': 1000, 'S': 'FANG', 't': 1635733020} 
31-Oct-21 19:17:00 INFO addStock(20) EVENT_TRADE_NEW.addStock {'symbol': 'FANG', 'close': 10.45, 'volume': 100}
31-Oct-21 19:17:00 INFO addStock(17) EVENT_TRADE_SAVE.addStock: {'symbol': 'FANG', 'close': 10.45, 'volume': 100}
31-Oct-21 19:17:00 WARNING _bar_realtime(144) _bar_realtime: FANG - TSDB: wrong fromTimestamp
31-Oct-21 19:17:00 WARNING _bar_realtime(144) _bar_realtime: FANG - TSDB: wrong fromTimestamp
31-Oct-21 19:17:00 WARNING _bar_realtime(144) _bar_realtime: FANG - TSDB: wrong fromTimestamp
31-Oct-21 19:17:00 WARNING _bar_realtime(144) _bar_realtime: FANG - TSDB: wrong fromTimestamp
31-Oct-21 19:17:00 WARNING _bar_realtime(144) _bar_realtime: FANG - TSDB: wrong fromTimestamp
31-Oct-21 19:17:00 WARNING realtimeDataMinutes(223) Error realtimeDataMinutes: FANG - object of type 'NoneType' has no len()
31-Oct-21 19:17:00 INFO publish2Min(30) EventBarCandidate.publish2Min []
31-Oct-21 19:17:00 ERROR AddBar(57) Error EVENT_BAR_CANDIDATE.EventBarCandidate.AddBarlist indices must be integers or slices, not str
31-Oct-21 19:17:05 INFO addStock(20) EVENT_TRADE_NEW.addStock {'symbol': 'FANG', 'close': 10.45, 'volume': 100}
31-Oct-21 19:17:05 INFO addStock(17) EVENT_TRADE_SAVE.addStock: {'symbol': 'FANG', 'close': 10.45, 'volume': 100}
31-Oct-21 19:17:10 INFO addStock(20) EVENT_TRADE_NEW.addStock {'symbol': 'FANG', 'close': 10.45, 'volume': 100}
31-Oct-21 19:17:10 INFO addStock(17) EVENT_TRADE_SAVE.addStock: {'symbol': 'FANG', 'close': 10.45, 'volume': 100}
31-Oct-21 19:17:15 INFO addStock(20) EVENT_TRADE_NEW.addStock {'symbol': 'FANG', 'close': 10.45, 'volume': 100}
31-Oct-21 19:17:15 INFO addStock(17) EVENT_TRADE_SAVE.addStock: {'symbol': 'FANG', 'close': 10.45, 'volume': 100}
31-Oct-21 19:17:20 INFO addStock(20) EVENT_TRADE_NEW.addStock {'symbol': 'FANG', 'close': 10.45, 'volume': 100}
31-Oct-21 19:17:20 INFO addStock(17) EVENT_TRADE_SAVE.addStock: {'symbol': 'FANG', 'close': 10.45, 'volume': 100}
31-Oct-21 19:17:25 INFO addStock(20) EVENT_TRADE_NEW.addStock {'symbol': 'FANG', 'close': 10.45, 'volume': 100}
31-Oct-21 19:17:25 INFO addStock(17) EVENT_TRADE_SAVE.addStock: {'symbol': 'FANG', 'close': 10.45, 'volume': 100}
31-Oct-21 19:17:30 INFO addStock(20) EVENT_TRADE_NEW.addStock {'symbol': 'FANG', 'close': 10.45, 'volume': 100}
31-Oct-21 19:17:30 INFO addStock(17) EVENT_TRADE_SAVE.addStock: {'symbol': 'FANG', 'close': 10.45, 'volume': 100}
31-Oct-21 19:17:35 INFO addStock(20) EVENT_TRADE_NEW.addStock {'symbol': 'FANG', 'close': 10.45, 'volume': 100}
31-Oct-21 19:17:35 INFO addStock(17) EVENT_TRADE_SAVE.addStock: {'symbol': 'FANG', 'close': 10.45, 'volume': 100}
31-Oct-21 19:17:40 INFO addStock(20) EVENT_TRADE_NEW.addStock {'symbol': 'FANG', 'close': 10.45, 'volume': 100}
31-Oct-21 19:17:40 INFO addStock(17) EVENT_TRADE_SAVE.addStock: {'symbol': 'FANG', 'close': 10.45, 'volume': 100}
31-Oct-21 19:17:45 INFO addStock(20) EVENT_TRADE_NEW.addStock {'symbol': 'FANG', 'close': 10.45, 'volume': 100}
31-Oct-21 19:17:45 INFO addStock(17) EVENT_TRADE_SAVE.addStock: {'symbol': 'FANG', 'close': 10.45, 'volume': 100}
31-Oct-21 19:17:50 INFO addStock(20) EVENT_TRADE_NEW.addStock {'symbol': 'FANG', 'close': 10.45, 'volume': 100}
31-Oct-21 19:17:50 INFO addStock(17) EVENT_TRADE_SAVE.addStock: {'symbol': 'FANG', 'close': 10.45, 'volume': 100}
31-Oct-21 19:17:55 INFO addStock(20) EVENT_TRADE_NEW.addStock {'symbol': 'FANG', 'close': 10.45, 'volume': 100}
31-Oct-21 19:17:55 INFO addStock(17) EVENT_TRADE_SAVE.addStock: {'symbol': 'FANG', 'close': 10.45, 'volume': 100}
31-Oct-21 19:18:00 INFO AddBar(46) EVENT_BAR_CANDIDATE.EventBarCandidate.AddBar:{'o': 10.6, 'c': 10.7, 'h': 10.8, 'l': 10.55, 'v': 1000, 'S': 'FANG', 't': 1635733080} 
31-Oct-21 19:18:00 INFO addStock(20) EVENT_TRADE_NEW.addStock {'symbol': 'FANG', 'close': 10.45, 'volume': 100}
31-Oct-21 19:18:00 INFO addStock(17) EVENT_TRADE_SAVE.addStock: {'symbol': 'FANG', 'close': 10.45, 'volume': 100}
31-Oct-21 19:18:00 WARNING _bar_realtime(144) _bar_realtime: FANG - TSDB: wrong fromTimestamp
31-Oct-21 19:18:00 WARNING _bar_realtime(144) _bar_realtime: FANG - TSDB: wrong fromTimestamp
31-Oct-21 19:18:00 WARNING _bar_realtime(144) _bar_realtime: FANG - TSDB: wrong fromTimestamp
31-Oct-21 19:18:00 WARNING _bar_realtime(144) _bar_realtime: FANG - TSDB: wrong fromTimestamp
31-Oct-21 19:18:00 WARNING _bar_realtime(144) _bar_realtime: FANG - TSDB: wrong fromTimestamp
31-Oct-21 19:18:00 WARNING realtimeDataMinutes(223) Error realtimeDataMinutes: FANG - object of type 'NoneType' has no len()
31-Oct-21 19:18:00 INFO publish2Min(30) EventBarCandidate.publish2Min []
31-Oct-21 19:18:00 ERROR AddBar(57) Error EVENT_BAR_CANDIDATE.EventBarCandidate.AddBarlist indices must be integers or slices, not str
31-Oct-21 19:18:05 INFO addStock(20) EVENT_TRADE_NEW.addStock {'symbol': 'FANG', 'close': 10.45, 'volume': 100}
31-Oct-21 19:18:05 INFO addStock(17) EVENT_TRADE_SAVE.addStock: {'symbol': 'FANG', 'close': 10.45, 'volume': 100}
31-Oct-21 19:18:10 INFO addStock(20) EVENT_TRADE_NEW.addStock {'symbol': 'FANG', 'close': 10.45, 'volume': 100}
31-Oct-21 19:18:10 INFO addStock(17) EVENT_TRADE_SAVE.addStock: {'symbol': 'FANG', 'close': 10.45, 'volume': 100}
31-Oct-21 19:18:15 INFO addStock(20) EVENT_TRADE_NEW.addStock {'symbol': 'FANG', 'close': 10.45, 'volume': 100}
31-Oct-21 19:18:15 INFO addStock(17) EVENT_TRADE_SAVE.addStock: {'symbol': 'FANG', 'close': 10.45, 'volume': 100}
31-Oct-21 19:18:20 INFO addStock(20) EVENT_TRADE_NEW.addStock {'symbol': 'FANG', 'close': 10.45, 'volume': 100}
31-Oct-21 19:18:20 INFO addStock(17) EVENT_TRADE_SAVE.addStock: {'symbol': 'FANG', 'close': 10.45, 'volume': 100}
31-Oct-21 19:18:25 INFO addStock(20) EVENT_TRADE_NEW.addStock {'symbol': 'FANG', 'close': 10.45, 'volume': 100}
31-Oct-21 19:18:25 INFO addStock(17) EVENT_TRADE_SAVE.addStock: {'symbol': 'FANG', 'close': 10.45, 'volume': 100}
31-Oct-21 19:18:30 INFO addStock(20) EVENT_TRADE_NEW.addStock {'symbol': 'FANG', 'close': 10.45, 'volume': 100}
31-Oct-21 19:18:30 INFO addStock(17) EVENT_TRADE_SAVE.addStock: {'symbol': 'FANG', 'close': 10.45, 'volume': 100}
31-Oct-21 19:18:35 INFO addStock(20) EVENT_TRADE_NEW.addStock {'symbol': 'FANG', 'close': 10.45, 'volume': 100}
31-Oct-21 19:18:35 INFO addStock(17) EVENT_TRADE_SAVE.addStock: {'symbol': 'FANG', 'close': 10.45, 'volume': 100}
31-Oct-21 19:18:40 INFO addStock(20) EVENT_TRADE_NEW.addStock {'symbol': 'FANG', 'close': 10.45, 'volume': 100}
31-Oct-21 19:18:40 INFO addStock(17) EVENT_TRADE_SAVE.addStock: {'symbol': 'FANG', 'close': 10.45, 'volume': 100}
31-Oct-21 19:18:45 INFO addStock(20) EVENT_TRADE_NEW.addStock {'symbol': 'FANG', 'close': 10.45, 'volume': 100}
31-Oct-21 19:18:45 INFO addStock(17) EVENT_TRADE_SAVE.addStock: {'symbol': 'FANG', 'close': 10.45, 'volume': 100}
31-Oct-21 19:18:50 INFO addStock(20) EVENT_TRADE_NEW.addStock {'symbol': 'FANG', 'close': 10.45, 'volume': 100}
31-Oct-21 19:18:50 INFO addStock(17) EVENT_TRADE_SAVE.addStock: {'symbol': 'FANG', 'close': 10.45, 'volume': 100}
31-Oct-21 19:18:55 INFO addStock(20) EVENT_TRADE_NEW.addStock {'symbol': 'FANG', 'close': 10.45, 'volume': 100}
31-Oct-21 19:18:55 INFO addStock(17) EVENT_TRADE_SAVE.addStock: {'symbol': 'FANG', 'close': 10.45, 'volume': 100}
31-Oct-21 19:19:00 INFO addStock(20) EVENT_TRADE_NEW.addStock {'symbol': 'FANG', 'close': 10.45, 'volume': 100}
31-Oct-21 19:19:00 INFO AddBar(46) EVENT_BAR_CANDIDATE.EventBarCandidate.AddBar:{'o': 10.6, 'c': 10.7, 'h': 10.8, 'l': 10.55, 'v': 1000, 'S': 'FANG', 't': 1635733140} 
31-Oct-21 19:19:00 INFO addStock(17) EVENT_TRADE_SAVE.addStock: {'symbol': 'FANG', 'close': 10.45, 'volume': 100}
31-Oct-21 19:19:00 WARNING _bar_realtime(144) _bar_realtime: FANG - TSDB: wrong fromTimestamp
31-Oct-21 19:19:00 WARNING _bar_realtime(144) _bar_realtime: FANG - TSDB: wrong fromTimestamp
31-Oct-21 19:19:00 WARNING _bar_realtime(144) _bar_realtime: FANG - TSDB: wrong fromTimestamp
31-Oct-21 19:19:00 WARNING _bar_realtime(144) _bar_realtime: FANG - TSDB: wrong fromTimestamp
31-Oct-21 19:19:00 WARNING _bar_realtime(144) _bar_realtime: FANG - TSDB: wrong fromTimestamp
31-Oct-21 19:19:00 WARNING realtimeDataMinutes(223) Error realtimeDataMinutes: FANG - object of type 'NoneType' has no len()
31-Oct-21 19:19:00 INFO publish2Min(30) EventBarCandidate.publish2Min []
31-Oct-21 19:19:00 ERROR AddBar(57) Error EVENT_BAR_CANDIDATE.EventBarCandidate.AddBarlist indices must be integers or slices, not str
31-Oct-21 19:19:05 INFO addStock(20) EVENT_TRADE_NEW.addStock {'symbol': 'FANG', 'close': 10.45, 'volume': 100}
31-Oct-21 19:19:05 INFO addStock(17) EVENT_TRADE_SAVE.addStock: {'symbol': 'FANG', 'close': 10.45, 'volume': 100}
31-Oct-21 19:19:10 INFO addStock(20) EVENT_TRADE_NEW.addStock {'symbol': 'FANG', 'close': 10.45, 'volume': 100}
31-Oct-21 19:19:10 INFO addStock(17) EVENT_TRADE_SAVE.addStock: {'symbol': 'FANG', 'close': 10.45, 'volume': 100}
31-Oct-21 19:19:15 INFO addStock(20) EVENT_TRADE_NEW.addStock {'symbol': 'FANG', 'close': 10.45, 'volume': 100}
31-Oct-21 19:19:15 INFO addStock(17) EVENT_TRADE_SAVE.addStock: {'symbol': 'FANG', 'close': 10.45, 'volume': 100}
31-Oct-21 19:19:20 INFO addStock(20) EVENT_TRADE_NEW.addStock {'symbol': 'FANG', 'close': 10.45, 'volume': 100}
31-Oct-21 19:19:20 INFO addStock(17) EVENT_TRADE_SAVE.addStock: {'symbol': 'FANG', 'close': 10.45, 'volume': 100}
31-Oct-21 19:19:25 INFO addStock(20) EVENT_TRADE_NEW.addStock {'symbol': 'FANG', 'close': 10.45, 'volume': 100}
31-Oct-21 19:19:25 INFO addStock(17) EVENT_TRADE_SAVE.addStock: {'symbol': 'FANG', 'close': 10.45, 'volume': 100}
31-Oct-21 19:19:30 INFO addStock(20) EVENT_TRADE_NEW.addStock {'symbol': 'FANG', 'close': 10.45, 'volume': 100}
31-Oct-21 19:19:30 INFO addStock(17) EVENT_TRADE_SAVE.addStock: {'symbol': 'FANG', 'close': 10.45, 'volume': 100}
31-Oct-21 19:19:35 INFO addStock(20) EVENT_TRADE_NEW.addStock {'symbol': 'FANG', 'close': 10.45, 'volume': 100}
31-Oct-21 19:19:35 INFO addStock(17) EVENT_TRADE_SAVE.addStock: {'symbol': 'FANG', 'close': 10.45, 'volume': 100}
31-Oct-21 19:19:40 INFO addStock(20) EVENT_TRADE_NEW.addStock {'symbol': 'FANG', 'close': 10.45, 'volume': 100}
31-Oct-21 19:19:40 INFO addStock(17) EVENT_TRADE_SAVE.addStock: {'symbol': 'FANG', 'close': 10.45, 'volume': 100}
31-Oct-21 19:19:45 INFO addStock(20) EVENT_TRADE_NEW.addStock {'symbol': 'FANG', 'close': 10.45, 'volume': 100}
31-Oct-21 19:19:45 INFO addStock(17) EVENT_TRADE_SAVE.addStock: {'symbol': 'FANG', 'close': 10.45, 'volume': 100}
31-Oct-21 19:19:50 INFO addStock(20) EVENT_TRADE_NEW.addStock {'symbol': 'FANG', 'close': 10.45, 'volume': 100}
31-Oct-21 19:19:50 INFO addStock(17) EVENT_TRADE_SAVE.addStock: {'symbol': 'FANG', 'close': 10.45, 'volume': 100}
